#
# There is insufficient memory for the Java Runtime Environment to continue.
# Native memory allocation (malloc) failed to allocate 65552 bytes for Chunk::new
# Possible reasons:
#   The system is out of physical RAM or swap space
#   The process is running with CompressedOops enabled, and the Java Heap may be blocking the growth of the native heap
# Possible solutions:
#   Reduce memory load on the system
#   Increase physical memory or swap space
#   Check if swap backing store is full
#   Decrease Java heap size (-Xmx/-Xms)
#   Decrease number of Java threads
#   Decrease Java thread stack sizes (-Xss)
#   Set larger code cache with -XX:ReservedCodeCacheSize=
#   JVM is running with Unscaled Compressed Oops mode in which the Java heap is
#     placed in the first 4GB address space. The Java Heap base address is the
#     maximum limit for the native heap growth. Please use -XX:HeapBaseMinAddress
#     to set the Java Heap base and to place the Java Heap above 4GB virtual address.
# This output file may be truncated or incomplete.
#
#  Out of Memory Error (allocation.cpp:389), pid=11628, tid=0x0000000000002f68
#
# JRE version: OpenJDK Runtime Environment (8.0_202-b03) (build 1.8.0_202-release-1483-b03)
# Java VM: OpenJDK 64-Bit Server VM (25.202-b03 mixed mode windows-amd64 compressed oops)
# Failed to write core dump. Minidumps are not enabled by default on client versions of Windows
#

---------------  T H R E A D  ---------------

Current thread (0x000000001698c000):  JavaThread "C2 CompilerThread1" daemon [_thread_in_native, id=12136, stack(0x0000000018110000,0x0000000018210000)]

Stack: [0x0000000018110000,0x0000000018210000]
[error occurred during error reporting (printing stack bounds), id 0xc0000005]

Native frames: (J=compiled Java code, j=interpreted, Vv=VM code, C=native code)


Current CompileTask:
C2:  21362 5663 %     4       org.gradle.internal.instantiation.AbstractClassGenerator::inspectType @ 107 (559 bytes)


---------------  P R O C E S S  ---------------

Java Threads: ( => current thread )
  0x000000001c81c000 JavaThread "Cache worker for file content cache (D:\arun\3FHarvestingBR\.gradle\5.4.1\fileContent)" [_thread_blocked, id=13636, stack(0x00000000235d0000,0x00000000236d0000)]
  0x000000001c814000 JavaThread "Cache worker for file content cache (C:\Users\User\.gradle\caches\5.4.1\fileContent)" [_thread_blocked, id=13752, stack(0x00000000234d0000,0x00000000235d0000)]
  0x000000001c81a800 JavaThread "Memory manager" [_thread_blocked, id=8588, stack(0x00000000231d0000,0x00000000232d0000)]
  0x000000001c816000 JavaThread "Cache worker for Build Output Cleanup Cache (D:\arun\3FHarvestingBR\.gradle\buildOutputCleanup)" [_thread_blocked, id=1200, stack(0x00000000226d0000,0x00000000227d0000)]
  0x000000001c818800 JavaThread "Build operations Thread 4" [_thread_blocked, id=14124, stack(0x0000000020fa0000,0x00000000210a0000)]
  0x000000001c817800 JavaThread "Build operations Thread 3" [_thread_blocked, id=11716, stack(0x0000000020ea0000,0x0000000020fa0000)]
  0x000000001c817000 JavaThread "Build operations Thread 2" [_thread_blocked, id=10896, stack(0x0000000020da0000,0x0000000020ea0000)]
  0x000000001c81a000 JavaThread "Build operations" [_thread_blocked, id=1664, stack(0x0000000020ca0000,0x0000000020da0000)]
  0x000000001c819000 JavaThread "Cache worker for execution history cache (C:\Users\User\.gradle\caches\5.4.1\executionHistory)" [_thread_blocked, id=12144, stack(0x000000001f270000,0x000000001f370000)]
  0x00000000191af000 JavaThread "Cache worker for cache directory md-rule (C:\Users\User\.gradle\caches\5.4.1\md-rule)" [_thread_blocked, id=12784, stack(0x00000000209a0000,0x0000000020aa0000)]
  0x00000000191b6000 JavaThread "Cache worker for cache directory md-supplier (C:\Users\User\.gradle\caches\5.4.1\md-supplier)" [_thread_blocked, id=14264, stack(0x000000001ebd0000,0x000000001ecd0000)]
  0x00000000191b0800 JavaThread "Cache worker for file hash cache (D:\arun\3FHarvestingBR\.gradle\5.4.1\fileHashes)" [_thread_blocked, id=9680, stack(0x000000001ed70000,0x000000001ee70000)]
  0x00000000191b3800 JavaThread "Cache worker for journal cache (C:\Users\User\.gradle\caches\journal-1)" [_thread_blocked, id=13188, stack(0x000000001b560000,0x000000001b660000)]
  0x00000000191b0000 JavaThread "File lock request listener" [_thread_in_native, id=13516, stack(0x000000001b460000,0x000000001b560000)]
  0x0000000019295800 JavaThread "Cache worker for file hash cache (C:\Users\User\.gradle\caches\5.4.1\fileHashes)" [_thread_blocked, id=10356, stack(0x000000001b360000,0x000000001b460000)]
  0x000000001969d800 JavaThread "Thread-9" [_thread_blocked, id=10332, stack(0x000000001b260000,0x000000001b360000)]
  0x000000001850b800 JavaThread "Stdin handler" [_thread_blocked, id=2516, stack(0x000000001b160000,0x000000001b260000)]
  0x00000000196a6800 JavaThread "Asynchronous log dispatcher for DefaultDaemonConnection: socket connection from /127.0.0.1:60516 to /127.0.0.1:60517" [_thread_blocked, id=13384, stack(0x000000001b060000,0x000000001b160000)]
  0x00000000196a2000 JavaThread "Daemon worker" [_thread_in_Java, id=4048, stack(0x000000001af60000,0x000000001b060000)]
  0x00000000196b4800 JavaThread "Cancel handler" [_thread_blocked, id=13212, stack(0x000000001ae60000,0x000000001af60000)]
  0x00000000183a9000 JavaThread "Handler for socket connection from /127.0.0.1:60516 to /127.0.0.1:60517" [_thread_in_native, id=8528, stack(0x000000001ab60000,0x000000001ac60000)]
  0x00000000183a3800 JavaThread "Daemon" [_thread_blocked, id=2664, stack(0x000000001aa60000,0x000000001ab60000)]
  0x0000000018adb800 JavaThread "Daemon periodic checks" [_thread_blocked, id=13404, stack(0x000000001a960000,0x000000001aa60000)]
  0x000000001894f000 JavaThread "Incoming local TCP Connector on port 60516" [_thread_in_native, id=528, stack(0x000000001a720000,0x000000001a820000)]
  0x00000000192a4000 JavaThread "Daemon health stats" [_thread_blocked, id=11204, stack(0x000000001a0e0000,0x000000001a1e0000)]
  0x00000000169eb000 JavaThread "Service Thread" daemon [_thread_blocked, id=12840, stack(0x0000000018710000,0x0000000018810000)]
  0x0000000016992800 JavaThread "C1 CompilerThread2" daemon [_thread_in_vm, id=10160, stack(0x0000000018210000,0x0000000018310000)]
=>0x000000001698c000 JavaThread "C2 CompilerThread1" daemon [_thread_in_native, id=12136, stack(0x0000000018110000,0x0000000018210000)]
  0x0000000016988000 JavaThread "C2 CompilerThread0" daemon [_thread_in_native, id=10452, stack(0x0000000018010000,0x0000000018110000)]
  0x0000000016995800 JavaThread "Attach Listener" daemon [_thread_blocked, id=6980, stack(0x0000000017f10000,0x0000000018010000)]
  0x0000000016994800 JavaThread "Signal Dispatcher" daemon [_thread_blocked, id=8740, stack(0x0000000017e10000,0x0000000017f10000)]
  0x000000000301b000 JavaThread "Finalizer" daemon [_thread_blocked, id=9036, stack(0x0000000017c10000,0x0000000017d10000)]
  0x0000000016979000 JavaThread "Reference Handler" daemon [_thread_blocked, id=9388, stack(0x0000000017b10000,0x0000000017c10000)]
  0x0000000002d6d800 JavaThread "main" [_thread_blocked, id=848, stack(0x0000000002e20000,0x0000000002f20000)]

Other Threads:
  0x0000000016956000 VMThread [stack: 0x0000000017a10000,0x0000000017b10000] [id=6936]
  0x00000000169ec000 WatcherThread [stack: 0x0000000018810000,0x0000000018910000] [id=9312]

VM state:not at safepoint (normal execution)

VM Mutex/Monitor currently owned by a thread: None

heap address: 0x00000000a0000000, size: 1536 MB, Compressed Oops mode: 32-bit
Narrow klass base: 0x0000000000000000, Narrow klass shift: 3
Compressed class space size: 1073741824 Address: 0x0000000100000000

Heap:
 PSYoungGen      total 199680K, used 10442K [0x00000000e0000000, 0x00000000ee200000, 0x0000000100000000)
  eden space 182272K, 5% used [0x00000000e0000000,0x00000000e0a32958,0x00000000eb200000)
  from space 17408K, 0% used [0x00000000ec680000,0x00000000ec680000,0x00000000ed780000)
  to   space 20992K, 0% used [0x00000000eb200000,0x00000000eb200000,0x00000000ec680000)
 ParOldGen       total 97280K, used 35444K [0x00000000a0000000, 0x00000000a5f00000, 0x00000000e0000000)
  object space 97280K, 36% used [0x00000000a0000000,0x00000000a229d3d8,0x00000000a5f00000)
 Metaspace       used 57993K, capacity 59708K, committed 59800K, reserved 1101824K
  class space    used 7880K, capacity 8359K, committed 8360K, reserved 1048576K

Card table byte_map: [0x00000000123e0000,0x00000000126f0000] byte_map_base: 0x0000000011ee0000

Marking Bits: (ParMarkBitMap*) 0x0000000070c69f30
 Begin Bits: [0x0000000012cf0000, 0x00000000144f0000)
 End Bits:   [0x00000000144f0000, 0x0000000015cf0000)

Polling page: 0x0000000001560000

CodeCache: size=245760Kb used=18037Kb max_used=18037Kb free=227722Kb
 bounds [0x0000000003020000, 0x00000000041d0000, 0x0000000012020000]
 total_blobs=6235 nmethods=5449 adapters=699
 compilation: enabled

Compilation events (10 events):
Event: 21.280 Thread 0x0000000016988000 5804       4       org.gradle.internal.service.DefaultServiceRegistry::unwrap (75 bytes)
Event: 21.281 Thread 0x0000000016988000 nmethod 5804 0x00000000041a6a10 code [0x00000000041a6b60, 0x00000000041a6c58]
Event: 21.282 Thread 0x0000000016992800 5805   !   3       org.gradle.internal.typeconversion.ErrorHandlingNotationParser::parseNotation (98 bytes)
Event: 21.283 Thread 0x0000000016988000 5808       4       java.util.AbstractList::iterator (10 bytes)
Event: 21.283 Thread 0x0000000016992800 nmethod 5805 0x00000000041abc10 code [0x00000000041abf80, 0x00000000041add38]
Event: 21.283 Thread 0x0000000016992800 5806       3       org.gradle.internal.typeconversion.NotationConverterToNotationParserAdapter::parseNotation (41 bytes)
Event: 21.283 Thread 0x0000000016992800 nmethod 5806 0x000000000419f1d0 code [0x000000000419f380, 0x000000000419f858]
Event: 21.283 Thread 0x0000000016992800 5807       3       org.gradle.internal.typeconversion.NotationConverterToNotationParserAdapter$ResultImpl::<init> (5 bytes)
Event: 21.283 Thread 0x0000000016992800 nmethod 5807 0x000000000419ed50 code [0x000000000419eec0, 0x000000000419f0d0]
Event: 21.283 Thread 0x0000000016988000 nmethod 5808 0x00000000041aee50 code [0x00000000041aefa0, 0x00000000041af0a8]

GC Heap History (10 events):
Event: 8.491 GC heap before
{Heap before GC invocations=9 (full 1):
 PSYoungGen      total 141312K, used 32579K [0x00000000e0000000, 0x00000000ead80000, 0x0000000100000000)
  eden space 129536K, 16% used [0x00000000e0000000,0x00000000e1456438,0x00000000e7e80000)
  from space 11776K, 99% used [0x00000000e7e80000,0x00000000e89faa58,0x00000000e8a00000)
  to   space 13824K, 0% used [0x00000000ea000000,0x00000000ea000000,0x00000000ead80000)
 ParOldGen       total 65024K, used 11054K [0x00000000a0000000, 0x00000000a3f80000, 0x00000000e0000000)
  object space 65024K, 16% used [0x00000000a0000000,0x00000000a0acb818,0x00000000a3f80000)
 Metaspace       used 34726K, capacity 35478K, committed 35496K, reserved 1079296K
  class space    used 4787K, capacity 5030K, committed 5032K, reserved 1048576K
Event: 8.500 GC heap after
Heap after GC invocations=9 (full 1):
 PSYoungGen      total 163840K, used 9414K [0x00000000e0000000, 0x00000000ed380000, 0x0000000100000000)
  eden space 150016K, 0% used [0x00000000e0000000,0x00000000e0000000,0x00000000e9280000)
  from space 13824K, 68% used [0x00000000ea000000,0x00000000ea9318f8,0x00000000ead80000)
  to   space 13824K, 0% used [0x00000000e9280000,0x00000000e9280000,0x00000000ea000000)
 ParOldGen       total 65024K, used 11062K [0x00000000a0000000, 0x00000000a3f80000, 0x00000000e0000000)
  object space 65024K, 17% used [0x00000000a0000000,0x00000000a0acd818,0x00000000a3f80000)
 Metaspace       used 34726K, capacity 35478K, committed 35496K, reserved 1079296K
  class space    used 4787K, capacity 5030K, committed 5032K, reserved 1048576K
}
Event: 8.501 GC heap before
{Heap before GC invocations=10 (full 2):
 PSYoungGen      total 163840K, used 9414K [0x00000000e0000000, 0x00000000ed380000, 0x0000000100000000)
  eden space 150016K, 0% used [0x00000000e0000000,0x00000000e0000000,0x00000000e9280000)
  from space 13824K, 68% used [0x00000000ea000000,0x00000000ea9318f8,0x00000000ead80000)
  to   space 13824K, 0% used [0x00000000e9280000,0x00000000e9280000,0x00000000ea000000)
 ParOldGen       total 65024K, used 11062K [0x00000000a0000000, 0x00000000a3f80000, 0x00000000e0000000)
  object space 65024K, 17% used [0x00000000a0000000,0x00000000a0acd818,0x00000000a3f80000)
 Metaspace       used 34726K, capacity 35478K, committed 35496K, reserved 1079296K
  class space    used 4787K, capacity 5030K, committed 5032K, reserved 1048576K
Event: 8.569 GC heap after
Heap after GC invocations=10 (full 2):
 PSYoungGen      total 163840K, used 0K [0x00000000e0000000, 0x00000000ed380000, 0x0000000100000000)
  eden space 150016K, 0% used [0x00000000e0000000,0x00000000e0000000,0x00000000e9280000)
  from space 13824K, 0% used [0x00000000ea000000,0x00000000ea000000,0x00000000ead80000)
  to   space 13824K, 0% used [0x00000000e9280000,0x00000000e9280000,0x00000000ea000000)
 ParOldGen       total 97280K, used 16397K [0x00000000a0000000, 0x00000000a5f00000, 0x00000000e0000000)
  object space 97280K, 16% used [0x00000000a0000000,0x00000000a1003640,0x00000000a5f00000)
 Metaspace       used 34712K, capacity 35430K, committed 35496K, reserved 1079296K
  class space    used 4783K, capacity 5022K, committed 5032K, reserved 1048576K
}
Event: 17.004 GC heap before
{Heap before GC invocations=11 (full 2):
 PSYoungGen      total 163840K, used 150016K [0x00000000e0000000, 0x00000000ed380000, 0x0000000100000000)
  eden space 150016K, 100% used [0x00000000e0000000,0x00000000e9280000,0x00000000e9280000)
  from space 13824K, 0% used [0x00000000ea000000,0x00000000ea000000,0x00000000ead80000)
  to   space 13824K, 0% used [0x00000000e9280000,0x00000000e9280000,0x00000000ea000000)
 ParOldGen       total 97280K, used 16397K [0x00000000a0000000, 0x00000000a5f00000, 0x00000000e0000000)
  object space 97280K, 16% used [0x00000000a0000000,0x00000000a1003640,0x00000000a5f00000)
 Metaspace       used 49051K, capacity 50320K, committed 50600K, reserved 1093632K
  class space    used 6638K, capacity 7009K, committed 7080K, reserved 1048576K
Event: 17.026 GC heap after
Heap after GC invocations=11 (full 2):
 PSYoungGen      total 163840K, used 13802K [0x00000000e0000000, 0x00000000ed780000, 0x0000000100000000)
  eden space 150016K, 0% used [0x00000000e0000000,0x00000000e0000000,0x00000000e9280000)
  from space 13824K, 99% used [0x00000000e9280000,0x00000000e9ffaaa0,0x00000000ea000000)
  to   space 17408K, 0% used [0x00000000ec680000,0x00000000ec680000,0x00000000ed780000)
 ParOldGen       total 97280K, used 21521K [0x00000000a0000000, 0x00000000a5f00000, 0x00000000e0000000)
  object space 97280K, 22% used [0x00000000a0000000,0x00000000a1504698,0x00000000a5f00000)
 Metaspace       used 49051K, capacity 50320K, committed 50600K, reserved 1093632K
  class space    used 6638K, capacity 7009K, committed 7080K, reserved 1048576K
}
Event: 20.775 GC heap before
{Heap before GC invocations=12 (full 2):
 PSYoungGen      total 163840K, used 124799K [0x00000000e0000000, 0x00000000ed780000, 0x0000000100000000)
  eden space 150016K, 73% used [0x00000000e0000000,0x00000000e6c65328,0x00000000e9280000)
  from space 13824K, 99% used [0x00000000e9280000,0x00000000e9ffaaa0,0x00000000ea000000)
  to   space 17408K, 0% used [0x00000000ec680000,0x00000000ec680000,0x00000000ed780000)
 ParOldGen       total 97280K, used 21521K [0x00000000a0000000, 0x00000000a5f00000, 0x00000000e0000000)
  object space 97280K, 22% used [0x00000000a0000000,0x00000000a1504698,0x00000000a5f00000)
 Metaspace       used 57514K, capacity 59098K, committed 59160K, reserved 1099776K
  class space    used 7799K, capacity 8226K, committed 8232K, reserved 1048576K
Event: 20.823 GC heap after
Heap after GC invocations=12 (full 2):
 PSYoungGen      total 199680K, used 17400K [0x00000000e0000000, 0x00000000ee200000, 0x0000000100000000)
  eden space 182272K, 0% used [0x00000000e0000000,0x00000000e0000000,0x00000000eb200000)
  from space 17408K, 99% used [0x00000000ec680000,0x00000000ed77e048,0x00000000ed780000)
  to   space 20992K, 0% used [0x00000000eb200000,0x00000000eb200000,0x00000000ec680000)
 ParOldGen       total 97280K, used 24603K [0x00000000a0000000, 0x00000000a5f00000, 0x00000000e0000000)
  object space 97280K, 25% used [0x00000000a0000000,0x00000000a1806f78,0x00000000a5f00000)
 Metaspace       used 57514K, capacity 59098K, committed 59160K, reserved 1099776K
  class space    used 7799K, capacity 8226K, committed 8232K, reserved 1048576K
}
Event: 20.823 GC heap before
{Heap before GC invocations=13 (full 3):
 PSYoungGen      total 199680K, used 17400K [0x00000000e0000000, 0x00000000ee200000, 0x0000000100000000)
  eden space 182272K, 0% used [0x00000000e0000000,0x00000000e0000000,0x00000000eb200000)
  from space 17408K, 99% used [0x00000000ec680000,0x00000000ed77e048,0x00000000ed780000)
  to   space 20992K, 0% used [0x00000000eb200000,0x00000000eb200000,0x00000000ec680000)
 ParOldGen       total 97280K, used 24603K [0x00000000a0000000, 0x00000000a5f00000, 0x00000000e0000000)
  object space 97280K, 25% used [0x00000000a0000000,0x00000000a1806f78,0x00000000a5f00000)
 Metaspace       used 57514K, capacity 59098K, committed 59160K, reserved 1099776K
  class space    used 7799K, capacity 8226K, committed 8232K, reserved 1048576K
Event: 21.026 GC heap after
Heap after GC invocations=13 (full 3):
 PSYoungGen      total 199680K, used 0K [0x00000000e0000000, 0x00000000ee200000, 0x0000000100000000)
  eden space 182272K, 0% used [0x00000000e0000000,0x00000000e0000000,0x00000000eb200000)
  from space 17408K, 0% used [0x00000000ec680000,0x00000000ec680000,0x00000000ed780000)
  to   space 20992K, 0% used [0x00000000eb200000,0x00000000eb200000,0x00000000ec680000)
 ParOldGen       total 97280K, used 35444K [0x00000000a0000000, 0x00000000a5f00000, 0x00000000e0000000)
  object space 97280K, 36% used [0x00000000a0000000,0x00000000a229d3d8,0x00000000a5f00000)
 Metaspace       used 57514K, capacity 59098K, committed 59160K, reserved 1099776K
  class space    used 7799K, capacity 8226K, committed 8232K, reserved 1048576K
}

Deoptimization events (10 events):
Event: 19.044 Thread 0x00000000196a2000 Uncommon trap: reason=bimorphic action=maybe_recompile pc=0x0000000003f0c880 method=java.util.regex.Pattern$5.isSatisfiedBy(I)Z @ 16
Event: 19.044 Thread 0x00000000196a2000 Uncommon trap: reason=bimorphic action=maybe_recompile pc=0x0000000003f0c880 method=java.util.regex.Pattern$5.isSatisfiedBy(I)Z @ 16
Event: 19.044 Thread 0x00000000196a2000 Uncommon trap: reason=bimorphic action=maybe_recompile pc=0x0000000003f0c880 method=java.util.regex.Pattern$5.isSatisfiedBy(I)Z @ 16
Event: 19.044 Thread 0x00000000196a2000 Uncommon trap: reason=bimorphic action=maybe_recompile pc=0x0000000003f0c880 method=java.util.regex.Pattern$5.isSatisfiedBy(I)Z @ 16
Event: 19.716 Thread 0x00000000196a2000 Uncommon trap: reason=unstable_if action=reinterpret pc=0x000000000369d5dc method=sun.misc.MetaIndex.mayContain(Ljava/lang/String;)Z @ 38
Event: 19.792 Thread 0x00000000196a2000 Uncommon trap: reason=unstable_if action=reinterpret pc=0x00000000036124a8 method=java.io.DataInputStream.readUTF(Ljava/io/DataInput;)Ljava/lang/String; @ 31
Event: 19.927 Thread 0x00000000196a2000 Uncommon trap: reason=unstable_if action=reinterpret pc=0x00000000035f0668 method=java.util.regex.Pattern$BmpCharProperty.match(Ljava/util/regex/Matcher;ILjava/lang/CharSequence;)Z @ 34
Event: 20.035 Thread 0x00000000196a2000 Uncommon trap: reason=unstable_if action=reinterpret pc=0x0000000003e9dbb0 method=com.sun.org.apache.xerces.internal.impl.XMLEntityScanner.scanLiteral(ILcom/sun/org/apache/xerces/internal/xni/XMLString;Z)I @ 660
Event: 20.450 Thread 0x00000000196a2000 Uncommon trap: reason=unstable_if action=reinterpret pc=0x000000000400c964 method=com.esotericsoftware.kryo.io.Input.readString()Ljava/lang/String; @ 38
Event: 21.039 Thread 0x00000000196a2000 Uncommon trap: reason=predicate action=maybe_recompile pc=0x00000000032d84f0 method=java.util.AbstractCollection.toArray([Ljava/lang/Object;)[Ljava/lang/Object; @ 49

Classes redefined (0 events):
No events

Internal exceptions (10 events):
Event: 18.170 Thread 0x00000000196a2000 Exception <a 'java/lang/ClassNotFoundException': com/android/build/gradle/internal/api/BaseVariantOutputImplCustomizer> (0x00000000e2033ff0) thrown at [D:\src\AOSP-openjdk-cygwin\jdk8u\hotspot\src\share\vm\classfile\systemDictionary.cpp, line 210]
Event: 18.170 Thread 0x00000000196a2000 Exception <a 'java/lang/ClassNotFoundException': com/android/build/gradle/internal/api/ApkVariantOutputImplCustomizer> (0x00000000e2069a58) thrown at [D:\src\AOSP-openjdk-cygwin\jdk8u\hotspot\src\share\vm\classfile\systemDictionary.cpp, line 210]
Event: 18.171 Thread 0x00000000196a2000 Exception <a 'java/lang/ClassNotFoundException': com/android/build/gradle/internal/api/ApkVariantOutputImpl_DecoratedCustomizer> (0x00000000e209a5b0) thrown at [D:\src\AOSP-openjdk-cygwin\jdk8u\hotspot\src\share\vm\classfile\systemDictionary.cpp, line 210
Event: 18.483 Thread 0x00000000196a2000 Exception <a 'java/lang/NoSuchMethodError': java.lang.Object.lambda$static$0(Ljava/util/Set;Ljava/util/Set;)Z> (0x00000000e2e6f8f8) thrown at [D:\src\AOSP-openjdk-cygwin\jdk8u\hotspot\src\share\vm\interpreter\linkResolver.cpp, line 620]
Event: 18.483 Thread 0x00000000196a2000 Exception <a 'java/lang/NoSuchMethodError': java.lang.Object.lambda$static$1(Ljava/util/Set;Ljava/util/Set;)Z> (0x00000000e2e72868) thrown at [D:\src\AOSP-openjdk-cygwin\jdk8u\hotspot\src\share\vm\interpreter\linkResolver.cpp, line 620]
Event: 18.483 Thread 0x00000000196a2000 Exception <a 'java/lang/NoSuchMethodError': java.lang.Object.lambda$static$2(Ljava/util/Set;Ljava/util/Set;)Z> (0x00000000e2e753a8) thrown at [D:\src\AOSP-openjdk-cygwin\jdk8u\hotspot\src\share\vm\interpreter\linkResolver.cpp, line 620]
Event: 18.484 Thread 0x00000000196a2000 Exception <a 'java/lang/NoSuchMethodError': java.lang.Object.lambda$static$3(Ljava/util/Set;Ljava/util/Set;)Z> (0x00000000e2e77ee8) thrown at [D:\src\AOSP-openjdk-cygwin\jdk8u\hotspot\src\share\vm\interpreter\linkResolver.cpp, line 620]
Event: 18.484 Thread 0x00000000196a2000 Exception <a 'java/lang/NoSuchMethodError': java.lang.Object.lambda$static$4(Ljava/util/Set;Ljava/util/Set;)Z> (0x00000000e2e7aa28) thrown at [D:\src\AOSP-openjdk-cygwin\jdk8u\hotspot\src\share\vm\interpreter\linkResolver.cpp, line 620]
Event: 19.189 Thread 0x00000000196a2000 Exception <a 'java/lang/ClassNotFoundException': com/sun/org/glassfish/hk2/osgiresourcelocator/ServiceLoader> (0x00000000e3b03ea8) thrown at [D:\src\AOSP-openjdk-cygwin\jdk8u\hotspot\src\share\vm\classfile\systemDictionary.cpp, line 210]
Event: 19.292 Thread 0x00000000196a2000 Exception <a 'java/lang/NullPointerException'> (0x00000000e3fcf5d8) thrown at [D:\src\AOSP-openjdk-cygwin\jdk8u\hotspot\src\share\vm\interpreter\linkResolver.cpp, line 1287]

Events (10 events):
Event: 21.317 loading class java/util/TreeMap$NavigableSubMap done
Event: 21.317 loading class java/util/TreeMap$DescendingSubMap done
Event: 21.317 loading class java/util/Collections$ReverseComparator
Event: 21.319 loading class java/util/Collections$ReverseComparator done
Event: 21.319 loading class com/google/common/collect/FluentIterable$3$1
Event: 21.319 loading class com/google/common/collect/FluentIterable$3$1 done
Event: 21.319 loading class com/google/common/collect/Iterators$ConcatenatedIterator
Event: 21.319 loading class com/google/common/collect/Iterators$ConcatenatedIterator done
Event: 21.320 loading class java/util/TreeMap$NavigableSubMap$DescendingSubMapKeyIterator
Event: 21.320 loading class java/util/TreeMap$NavigableSubMap$SubMapIterator


Dynamic libraries:
0x00007ff7b01c0000 - 0x00007ff7b01f1000 	C:\Program Files\Android\Android Studio\jre\bin\java.exe
0x00007ffa45dc0000 - 0x00007ffa45fb0000 	C:\WINDOWS\SYSTEM32\ntdll.dll
0x00007ffa21ec0000 - 0x00007ffa21ed4000 	C:\Program Files\AVAST Software\Avast\aswhook.dll
0x00007ffa45c60000 - 0x00007ffa45d12000 	C:\WINDOWS\System32\KERNEL32.DLL
0x00007ffa43180000 - 0x00007ffa43423000 	C:\WINDOWS\System32\KERNELBASE.dll
0x00007ffa45a50000 - 0x00007ffa45af3000 	C:\WINDOWS\System32\ADVAPI32.dll
0x00007ffa45b00000 - 0x00007ffa45b9e000 	C:\WINDOWS\System32\msvcrt.dll
0x00007ffa44480000 - 0x00007ffa44517000 	C:\WINDOWS\System32\sechost.dll
0x00007ffa44520000 - 0x00007ffa44640000 	C:\WINDOWS\System32\RPCRT4.dll
0x00007ffa43f20000 - 0x00007ffa440b4000 	C:\WINDOWS\System32\USER32.dll
0x00007ffa42dd0000 - 0x00007ffa42df1000 	C:\WINDOWS\System32\win32u.dll
0x00007ffa45c30000 - 0x00007ffa45c56000 	C:\WINDOWS\System32\GDI32.dll
0x00007ffa43cb0000 - 0x00007ffa43e44000 	C:\WINDOWS\System32\gdi32full.dll
0x00007ffa42e00000 - 0x00007ffa42e9e000 	C:\WINDOWS\System32\msvcp_win.dll
0x00007ffa43430000 - 0x00007ffa4352a000 	C:\WINDOWS\System32\ucrtbase.dll
0x00007ffa2d480000 - 0x00007ffa2d705000 	C:\WINDOWS\WinSxS\amd64_microsoft.windows.common-controls_6595b64144ccf1df_6.0.18362.476_none_e6c4b11b130f2595\COMCTL32.dll
0x00007ffa440c0000 - 0x00007ffa443f6000 	C:\WINDOWS\System32\combase.dll
0x00007ffa42ea0000 - 0x00007ffa42f20000 	C:\WINDOWS\System32\bcryptPrimitives.dll
0x00007ffa45870000 - 0x00007ffa4589e000 	C:\WINDOWS\System32\IMM32.DLL
0x00000000702e0000 - 0x00000000703b2000 	C:\Program Files\Android\Android Studio\jre\jre\bin\msvcr100.dll
0x00000000704a0000 - 0x0000000070ce6000 	C:\Program Files\Android\Android Studio\jre\jre\bin\server\jvm.dll
0x00007ffa44f50000 - 0x00007ffa44f58000 	C:\WINDOWS\System32\PSAPI.DLL
0x00007ffa39b50000 - 0x00007ffa39b59000 	C:\WINDOWS\SYSTEM32\WSOCK32.dll
0x00007ffa456d0000 - 0x00007ffa4573f000 	C:\WINDOWS\System32\WS2_32.dll
0x00007ffa3f520000 - 0x00007ffa3f544000 	C:\WINDOWS\SYSTEM32\WINMM.dll
0x00007ffa3e8b0000 - 0x00007ffa3e8ba000 	C:\WINDOWS\SYSTEM32\VERSION.dll
0x00007ffa3f4f0000 - 0x00007ffa3f51d000 	C:\WINDOWS\SYSTEM32\WINMMBASE.dll
0x00007ffa42d50000 - 0x00007ffa42d9a000 	C:\WINDOWS\System32\cfgmgr32.dll
0x00007ffa315e0000 - 0x00007ffa315ef000 	C:\Program Files\Android\Android Studio\jre\jre\bin\verify.dll
0x00007ffa31340000 - 0x00007ffa31369000 	C:\Program Files\Android\Android Studio\jre\jre\bin\java.dll
0x00007ffa315c0000 - 0x00007ffa315d6000 	C:\Program Files\Android\Android Studio\jre\jre\bin\zip.dll
0x00007ffa44710000 - 0x00007ffa44df5000 	C:\WINDOWS\System32\SHELL32.dll
0x00007ffa453f0000 - 0x00007ffa45499000 	C:\WINDOWS\System32\shcore.dll
0x00007ffa43530000 - 0x00007ffa43cae000 	C:\WINDOWS\System32\windows.storage.dll
0x00007ffa42d30000 - 0x00007ffa42d4f000 	C:\WINDOWS\System32\profapi.dll
0x00007ffa42cc0000 - 0x00007ffa42d0a000 	C:\WINDOWS\System32\powrprof.dll
0x00007ffa42c90000 - 0x00007ffa42ca0000 	C:\WINDOWS\System32\UMPDC.dll
0x00007ffa446b0000 - 0x00007ffa44702000 	C:\WINDOWS\System32\shlwapi.dll
0x00007ffa42d10000 - 0x00007ffa42d21000 	C:\WINDOWS\System32\kernel.appcore.dll
0x00007ffa43e50000 - 0x00007ffa43e67000 	C:\WINDOWS\System32\cryptsp.dll
0x00007ffa310a0000 - 0x00007ffa310ba000 	C:\Program Files\Android\Android Studio\jre\jre\bin\net.dll
0x00007ffa424a0000 - 0x00007ffa42507000 	C:\WINDOWS\system32\mswsock.dll
0x00007ffa305b0000 - 0x00007ffa305c1000 	C:\Program Files\Android\Android Studio\jre\jre\bin\nio.dll
0x00007ffa303b0000 - 0x00007ffa303d6000 	C:\Users\User\.gradle\native\29\windows-amd64\native-platform.dll
0x00007ffa2c6f0000 - 0x00007ffa2c6fd000 	C:\Program Files\Android\Android Studio\jre\jre\bin\management.dll
0x00007ffa42010000 - 0x00007ffa42043000 	C:\WINDOWS\system32\rsaenh.dll
0x00007ffa42da0000 - 0x00007ffa42dc6000 	C:\WINDOWS\System32\bcrypt.dll
0x00007ffa42b80000 - 0x00007ffa42ba5000 	C:\WINDOWS\SYSTEM32\USERENV.dll
0x00007ffa42670000 - 0x00007ffa4267c000 	C:\WINDOWS\SYSTEM32\CRYPTBASE.dll
0x00007ffa421b0000 - 0x00007ffa421ea000 	C:\WINDOWS\SYSTEM32\IPHLPAPI.DLL
0x00007ffa45ba0000 - 0x00007ffa45ba8000 	C:\WINDOWS\System32\NSI.dll
0x00007ffa3c7d0000 - 0x00007ffa3c7e6000 	C:\WINDOWS\SYSTEM32\dhcpcsvc6.DLL
0x00007ffa3c7b0000 - 0x00007ffa3c7cc000 	C:\WINDOWS\SYSTEM32\dhcpcsvc.DLL
0x00007ffa42200000 - 0x00007ffa422ca000 	C:\WINDOWS\SYSTEM32\DNSAPI.dll

VM Arguments:
jvm_args: -Xmx1536m -Dfile.encoding=windows-1252 -Duser.country=IN -Duser.language=en -Duser.variant 
java_command: org.gradle.launcher.daemon.bootstrap.GradleDaemon 5.4.1
java_class_path (initial): C:\Users\User\.gradle\wrapper\dists\gradle-5.4.1-all\3221gyojl5jsh0helicew7rwx\gradle-5.4.1\lib\gradle-launcher-5.4.1.jar
Launcher Type: SUN_STANDARD

Environment Variables:
PATH=C:\Program Files (x86)\Common Files\Oracle\Java\javapath;C:\Program Files\Microsoft MPI\Bin\;C:\WINDOWS\system32;C:\WINDOWS;C:\WINDOWS\System32\Wbem;C:\WINDOWS\System32\WindowsPowerShell\v1.0\;C:\Program Files\dotnet\;C:\WINDOWS\System32\OpenSSH\;C:\Program Files\Git\cmd;;D:\Microsoft VS Code\bin;C:\Users\User\AppData\Local\Microsoft\WindowsApps
USERNAME=User
OS=Windows_NT
PROCESSOR_IDENTIFIER=Intel64 Family 6 Model 94 Stepping 3, GenuineIntel



---------------  S Y S T E M  ---------------

OS: Windows 10.0 , 64 bit Build 18362 (10.0.18362.329)

CPU:total 4 (initial active 4) (4 cores per cpu, 1 threads per core) family 6 model 94 stepping 3, cmov, cx8, fxsr, mmx, sse, sse2, sse3, ssse3, sse4.1, sse4.2, popcnt, avx, avx2, aes, clmul, erms, rtm, 3dnowpref, lzcnt, tsc, tscinvbit, bmi1, bmi2, adx

Memory: 4k page, physical 8265828k(626904k free), swap 13385828k(2560k free)

vm_info: OpenJDK 64-Bit Server VM (25.202-b03) for windows-amd64 JRE (1.8.0_202-release-1483-b03), built by "builder" with MS VC++ 10.0 (VS2010)

time: Mon Dec 09 17:59:23 2019
timezone: India Standard Time
elapsed time: 21 seconds (0d 0h 0m 21s)

