#
# There is insufficient memory for the Java Runtime Environment to continue.
# Native memory allocation (malloc) failed to allocate 32744 bytes for ChunkPool::allocate
# Possible reasons:
#   The system is out of physical RAM or swap space
#   The process is running with CompressedOops enabled, and the Java Heap may be blocking the growth of the native heap
# Possible solutions:
#   Reduce memory load on the system
#   Increase physical memory or swap space
#   Check if swap backing store is full
#   Decrease Java heap size (-Xmx/-Xms)
#   Decrease number of Java threads
#   Decrease Java thread stack sizes (-Xss)
#   Set larger code cache with -XX:ReservedCodeCacheSize=
#   JVM is running with Unscaled Compressed Oops mode in which the Java heap is
#     placed in the first 4GB address space. The Java Heap base address is the
#     maximum limit for the native heap growth. Please use -XX:HeapBaseMinAddress
#     to set the Java Heap base and to place the Java Heap above 4GB virtual address.
# This output file may be truncated or incomplete.
#
#  Out of Memory Error (allocation.cpp:272), pid=9640, tid=0x000000000000373c
#
# JRE version: OpenJDK Runtime Environment (8.0_202-b03) (build 1.8.0_202-release-1483-b03)
# Java VM: OpenJDK 64-Bit Server VM (25.202-b03 mixed mode windows-amd64 compressed oops)
# Failed to write core dump. Minidumps are not enabled by default on client versions of Windows
#

---------------  T H R E A D  ---------------

Current thread (0x000000001680c800):  JavaThread "C2 CompilerThread1" daemon [_thread_in_native, id=14140, stack(0x0000000017f60000,0x0000000018060000)]

Stack: [0x0000000017f60000,0x0000000018060000]
[error occurred during error reporting (printing stack bounds), id 0xc0000005]

Native frames: (J=compiled Java code, j=interpreted, Vv=VM code, C=native code)


Current CompileTask:
C2:  78721 12880   !   4       com.sun.tools.javac.parser.JavaTokenizer::readToken (2243 bytes)


---------------  P R O C E S S  ---------------

Java Threads: ( => current thread )
  0x000000001f786000 JavaThread "Cache worker for Java compile cache (D:\arun\3FHarvestingBR\.gradle\5.4.1\javaCompile)" [_thread_blocked, id=5680, stack(0x0000000024fa0000,0x00000000250a0000)]
  0x000000001f78c000 JavaThread "Cache worker for Java compile cache (C:\Users\User\.gradle\caches\5.4.1\javaCompile)" [_thread_blocked, id=6592, stack(0x0000000024ea0000,0x0000000024fa0000)]
  0x000000001f783000 JavaThread "WorkerExecutor Queue Thread 6" [_thread_blocked, id=4140, stack(0x0000000024da0000,0x0000000024ea0000)]
  0x000000001f784800 JavaThread "stdout" [_thread_in_native, id=12360, stack(0x0000000025fb0000,0x00000000260b0000)]
  0x000000001f782800 JavaThread "stderr" [_thread_in_native, id=11360, stack(0x0000000025eb0000,0x0000000025fb0000)]
  0x000000001f787800 JavaThread "stdout" [_thread_in_native, id=7472, stack(0x0000000025db0000,0x0000000025eb0000)]
  0x000000001f784000 JavaThread "stderr" [_thread_in_native, id=3516, stack(0x0000000025cb0000,0x0000000025db0000)]
  0x000000001df50800 JavaThread "stdout" [_thread_in_native, id=9836, stack(0x0000000025bb0000,0x0000000025cb0000)]
  0x000000001df4f800 JavaThread "stderr" [_thread_in_native, id=9072, stack(0x0000000025ab0000,0x0000000025bb0000)]
  0x000000001df4d800 JavaThread "stdout" [_thread_in_native, id=3024, stack(0x00000000259b0000,0x0000000025ab0000)]
  0x000000001df4f000 JavaThread "stderr" [_thread_in_native, id=11136, stack(0x00000000258b0000,0x00000000259b0000)]
  0x000000001df4c800 JavaThread "pool-5-thread-1" [_thread_blocked, id=9272, stack(0x00000000257b0000,0x00000000258b0000)]
  0x000000001df4b000 JavaThread "MarlinRenderer Disposer" daemon [_thread_blocked, id=12356, stack(0x0000000025590000,0x0000000025690000)]
  0x000000001df4a800 JavaThread "Java2D Disposer" daemon [_thread_blocked, id=2488, stack(0x00000000256b0000,0x00000000257b0000)]
  0x000000001df46000 JavaThread "WorkerExecutor Queue" [_thread_blocked, id=10072, stack(0x0000000024ca0000,0x0000000024da0000)]
  0x000000001df45000 JavaThread "Cache worker for execution history cache (D:\arun\3FHarvestingBR\.gradle\5.4.1\executionHistory)" [_thread_blocked, id=7468, stack(0x00000000249a0000,0x0000000024aa0000)]
  0x000000001df48000 JavaThread "Execution worker for ':' Thread 3" [_thread_blocked, id=11196, stack(0x00000000248a0000,0x00000000249a0000)]
  0x000000001df47800 JavaThread "Execution worker for ':' Thread 2" [_thread_blocked, id=9544, stack(0x00000000247a0000,0x00000000248a0000)]
  0x000000001df46800 JavaThread "Execution worker for ':'" [_thread_blocked, id=9736, stack(0x00000000246a0000,0x00000000247a0000)]
  0x000000001df43000 JavaThread "Cache worker for file content cache (D:\arun\3FHarvestingBR\.gradle\5.4.1\fileContent)" [_thread_blocked, id=9848, stack(0x00000000245a0000,0x00000000246a0000)]
  0x0000000018cec800 JavaThread "Cache worker for file content cache (C:\Users\User\.gradle\caches\5.4.1\fileContent)" [_thread_blocked, id=8088, stack(0x00000000244a0000,0x00000000245a0000)]
  0x0000000018ceb000 JavaThread "Cache worker for Build Output Cleanup Cache (D:\arun\3FHarvestingBR\.gradle\buildOutputCleanup)" [_thread_blocked, id=1808, stack(0x00000000243a0000,0x00000000244a0000)]
  0x0000000018cea800 JavaThread "Build operations Thread 4" [_thread_blocked, id=11320, stack(0x0000000023800000,0x0000000023900000)]
  0x0000000018ce9800 JavaThread "Build operations Thread 3" [_thread_blocked, id=11244, stack(0x0000000023470000,0x0000000023570000)]
  0x0000000018ce0800 JavaThread "Build operations Thread 2" [_thread_blocked, id=9580, stack(0x0000000022310000,0x0000000022410000)]
  0x0000000018cdd800 JavaThread "Build operations" [_thread_blocked, id=10160, stack(0x0000000021710000,0x0000000021810000)]
  0x0000000018ce1800 JavaThread "Cache worker for cache directory md-rule (C:\Users\User\.gradle\caches\5.4.1\md-rule)" [_thread_blocked, id=4596, stack(0x0000000021010000,0x0000000021110000)]
  0x0000000018ce0000 JavaThread "Cache worker for cache directory md-supplier (C:\Users\User\.gradle\caches\5.4.1\md-supplier)" [_thread_blocked, id=1484, stack(0x0000000020f10000,0x0000000021010000)]
  0x0000000018cdf000 JavaThread "Cache worker for file hash cache (D:\arun\3FHarvestingBR\.gradle\5.4.1\fileHashes)" [_thread_blocked, id=2636, stack(0x0000000020e10000,0x0000000020f10000)]
  0x0000000018ce3000 JavaThread "Thread-42" [_thread_blocked, id=1940, stack(0x0000000020d10000,0x0000000020e10000)]
  0x00000000193af800 JavaThread "Stdin handler" [_thread_blocked, id=9164, stack(0x0000000020230000,0x0000000020330000)]
  0x00000000193ae800 JavaThread "Asynchronous log dispatcher for DefaultDaemonConnection: socket connection from /127.0.0.1:60271 to /127.0.0.1:60293" [_thread_blocked, id=12024, stack(0x0000000020130000,0x0000000020230000)]
  0x00000000193ab800 JavaThread "Cancel handler" [_thread_blocked, id=13020, stack(0x000000001e820000,0x000000001e920000)]
  0x00000000193ab000 JavaThread "Handler for socket connection from /127.0.0.1:60271 to /127.0.0.1:60293" [_thread_in_native, id=10952, stack(0x000000001b0b0000,0x000000001b1b0000)]
  0x0000000018ce8000 JavaThread "Memory manager" [_thread_blocked, id=11692, stack(0x0000000022010000,0x0000000022110000)]
  0x0000000018ce3800 JavaThread "Cache worker for execution history cache (C:\Users\User\.gradle\caches\5.4.1\executionHistory)" [_thread_blocked, id=2212, stack(0x0000000020330000,0x0000000020430000)]
  0x00000000193b0000 JavaThread "Cache worker for journal cache (C:\Users\User\.gradle\caches\journal-1)" [_thread_blocked, id=6744, stack(0x000000001b3b0000,0x000000001b4b0000)]
  0x00000000193ac800 JavaThread "File lock request listener" [_thread_in_native, id=11636, stack(0x000000001b2b0000,0x000000001b3b0000)]
  0x00000000193ad000 JavaThread "Cache worker for file hash cache (C:\Users\User\.gradle\caches\5.4.1\fileHashes)" [_thread_blocked, id=10580, stack(0x000000001b1b0000,0x000000001b2b0000)]
  0x000000001876b000 JavaThread "Daemon worker" [_thread_in_native, id=13216, stack(0x000000001adb0000,0x000000001aeb0000)]
  0x000000001821c000 JavaThread "Daemon" [_thread_blocked, id=4760, stack(0x000000001a8b0000,0x000000001a9b0000)]
  0x00000000188ca800 JavaThread "Daemon periodic checks" [_thread_blocked, id=6328, stack(0x000000001a7b0000,0x000000001a8b0000)]
  0x00000000188c9800 JavaThread "Incoming local TCP Connector on port 60271" [_thread_in_native, id=7912, stack(0x000000001a570000,0x000000001a670000)]
  0x0000000019a06800 JavaThread "Daemon health stats" [_thread_blocked, id=8780, stack(0x0000000019f30000,0x000000001a030000)]
  0x0000000018181800 JavaThread "Service Thread" daemon [_thread_blocked, id=7360, stack(0x0000000018560000,0x0000000018660000)]
  0x0000000016813800 JavaThread "C1 CompilerThread2" daemon [_thread_blocked, id=14040, stack(0x0000000018060000,0x0000000018160000)]
=>0x000000001680c800 JavaThread "C2 CompilerThread1" daemon [_thread_in_native, id=14140, stack(0x0000000017f60000,0x0000000018060000)]
  0x0000000016817800 JavaThread "C2 CompilerThread0" daemon [_thread_in_native, id=3360, stack(0x0000000017e60000,0x0000000017f60000)]
  0x0000000016816800 JavaThread "Attach Listener" daemon [_thread_blocked, id=3916, stack(0x0000000017d60000,0x0000000017e60000)]
  0x0000000016815800 JavaThread "Signal Dispatcher" daemon [_thread_blocked, id=14264, stack(0x0000000017c60000,0x0000000017d60000)]
  0x0000000002e9c000 JavaThread "Finalizer" daemon [_thread_blocked, id=6840, stack(0x0000000017a60000,0x0000000017b60000)]
  0x0000000002e93000 JavaThread "Reference Handler" daemon [_thread_blocked, id=14328, stack(0x0000000017960000,0x0000000017a60000)]
  0x0000000002d9d800 JavaThread "main" [_thread_blocked, id=11072, stack(0x0000000002c40000,0x0000000002d40000)]

Other Threads:
  0x00000000167d5800 VMThread [stack: 0x0000000017860000,0x0000000017960000] [id=1424]
  0x0000000018182000 WatcherThread [stack: 0x0000000018660000,0x0000000018760000] [id=2120]

VM state:not at safepoint (normal execution)

VM Mutex/Monitor currently owned by a thread: None

heap address: 0x00000000a0000000, size: 1536 MB, Compressed Oops mode: 32-bit
Narrow klass base: 0x0000000000000000, Narrow klass shift: 3
Compressed class space size: 1073741824 Address: 0x0000000100000000

Heap:
 PSYoungGen      total 206336K, used 16301K [0x00000000e0000000, 0x00000000edf00000, 0x0000000100000000)
  eden space 184320K, 8% used [0x00000000e0000000,0x00000000e0feb5f8,0x00000000eb400000)
  from space 22016K, 0% used [0x00000000eb400000,0x00000000eb400000,0x00000000ec980000)
  to   space 18432K, 0% used [0x00000000ecd00000,0x00000000ecd00000,0x00000000edf00000)
 ParOldGen       total 118784K, used 67590K [0x00000000a0000000, 0x00000000a7400000, 0x00000000e0000000)
  object space 118784K, 56% used [0x00000000a0000000,0x00000000a4201ac0,0x00000000a7400000)
 Metaspace       used 80875K, capacity 83880K, committed 84248K, reserved 1122304K
  class space    used 10529K, capacity 11201K, committed 11304K, reserved 1048576K

Card table byte_map: [0x0000000012260000,0x0000000012570000] byte_map_base: 0x0000000011d60000

Marking Bits: (ParMarkBitMap*) 0x0000000070c69f30
 Begin Bits: [0x0000000012b70000, 0x0000000014370000)
 End Bits:   [0x0000000014370000, 0x0000000015b70000)

Polling page: 0x00000000011d0000

CodeCache: size=245760Kb used=35887Kb max_used=35887Kb free=209872Kb
 bounds [0x0000000002ea0000, 0x00000000051e0000, 0x0000000011ea0000]
 total_blobs=11842 nmethods=10891 adapters=863
 compilation: enabled

Compilation events (10 events):
Event: 78.339 Thread 0x0000000016813800 12927       3       com.sun.tools.javac.parser.JavacParser::strval (38 bytes)
Event: 78.339 Thread 0x0000000016813800 nmethod 12927 0x00000000051c9710 code [0x00000000051c9960, 0x00000000051ca888]
Event: 78.350 Thread 0x0000000016817800 nmethod 12910 0x00000000051c1ad0 code [0x00000000051c1c60, 0x00000000051c2548]
Event: 78.350 Thread 0x0000000016817800 12928       4       com.sun.tools.javac.parser.JavacParser::term3 (2502 bytes)
Event: 78.357 Thread 0x0000000016813800 12930       1       com.sun.tools.javac.util.DiagnosticSource::getFile (5 bytes)
Event: 78.357 Thread 0x0000000016813800 nmethod 12930 0x00000000051bfd90 code [0x00000000051bfee0, 0x00000000051bfff0]
Event: 78.358 Thread 0x0000000016813800 12932       3       com.sun.tools.javac.parser.JavacParser::parseStatementAsBlock (191 bytes)
Event: 78.360 Thread 0x0000000016813800 nmethod 12932 0x00000000051cf990 code [0x00000000051cfda0, 0x00000000051d2218]
Event: 78.360 Thread 0x0000000016813800 12931       3       com.sun.tools.javac.parser.Tokens$NumericToken::checkKind (43 bytes)
Event: 78.360 Thread 0x0000000016813800 nmethod 12931 0x00000000051c2e90 code [0x00000000051c3080, 0x00000000051c3ab8]

GC Heap History (10 events):
Event: 37.302 GC heap before
{Heap before GC invocations=23 (full 3):
 PSYoungGen      total 157184K, used 157182K [0x00000000e0000000, 0x00000000ec480000, 0x0000000100000000)
  eden space 143872K, 100% used [0x00000000e0000000,0x00000000e8c80000,0x00000000e8c80000)
  from space 13312K, 99% used [0x00000000e8c80000,0x00000000e997fa98,0x00000000e9980000)
  to   space 16896K, 0% used [0x00000000eb400000,0x00000000eb400000,0x00000000ec480000)
 ParOldGen       total 118784K, used 51202K [0x00000000a0000000, 0x00000000a7400000, 0x00000000e0000000)
  object space 118784K, 43% used [0x00000000a0000000,0x00000000a3200bc8,0x00000000a7400000)
 Metaspace       used 71355K, capacity 74272K, committed 74392K, reserved 1114112K
  class space    used 9474K, capacity 10099K, committed 10152K, reserved 1048576K
Event: 37.329 GC heap after
Heap after GC invocations=23 (full 3):
 PSYoungGen      total 179200K, used 10939K [0x00000000e0000000, 0x00000000ec200000, 0x0000000100000000)
  eden space 164864K, 0% used [0x00000000e0000000,0x00000000e0000000,0x00000000ea100000)
  from space 14336K, 76% used [0x00000000eb400000,0x00000000ebeaece8,0x00000000ec200000)
  to   space 16896K, 0% used [0x00000000ea100000,0x00000000ea100000,0x00000000eb180000)
 ParOldGen       total 118784K, used 61601K [0x00000000a0000000, 0x00000000a7400000, 0x00000000e0000000)
  object space 118784K, 51% used [0x00000000a0000000,0x00000000a3c287b0,0x00000000a7400000)
 Metaspace       used 71355K, capacity 74272K, committed 74392K, reserved 1114112K
  class space    used 9474K, capacity 10099K, committed 10152K, reserved 1048576K
}
Event: 40.450 GC heap before
{Heap before GC invocations=24 (full 3):
 PSYoungGen      total 179200K, used 175803K [0x00000000e0000000, 0x00000000ec200000, 0x0000000100000000)
  eden space 164864K, 100% used [0x00000000e0000000,0x00000000ea100000,0x00000000ea100000)
  from space 14336K, 76% used [0x00000000eb400000,0x00000000ebeaece8,0x00000000ec200000)
  to   space 16896K, 0% used [0x00000000ea100000,0x00000000ea100000,0x00000000eb180000)
 ParOldGen       total 118784K, used 61601K [0x00000000a0000000, 0x00000000a7400000, 0x00000000e0000000)
  object space 118784K, 51% used [0x00000000a0000000,0x00000000a3c287b0,0x00000000a7400000)
 Metaspace       used 72198K, capacity 75122K, committed 75288K, reserved 1114112K
  class space    used 9549K, capacity 10186K, committed 10280K, reserved 1048576K
Event: 40.472 GC heap after
Heap after GC invocations=24 (full 3):
 PSYoungGen      total 181760K, used 16869K [0x00000000e0000000, 0x00000000ee300000, 0x0000000100000000)
  eden space 164864K, 0% used [0x00000000e0000000,0x00000000e0000000,0x00000000ea100000)
  from space 16896K, 99% used [0x00000000ea100000,0x00000000eb1797f0,0x00000000eb180000)
  to   space 22528K, 0% used [0x00000000ecd00000,0x00000000ecd00000,0x00000000ee300000)
 ParOldGen       total 118784K, used 71023K [0x00000000a0000000, 0x00000000a7400000, 0x00000000e0000000)
  object space 118784K, 59% used [0x00000000a0000000,0x00000000a455bfe0,0x00000000a7400000)
 Metaspace       used 72198K, capacity 75122K, committed 75288K, reserved 1114112K
  class space    used 9549K, capacity 10186K, committed 10280K, reserved 1048576K
}
Event: 51.492 GC heap before
{Heap before GC invocations=25 (full 3):
 PSYoungGen      total 181760K, used 181733K [0x00000000e0000000, 0x00000000ee300000, 0x0000000100000000)
  eden space 164864K, 100% used [0x00000000e0000000,0x00000000ea100000,0x00000000ea100000)
  from space 16896K, 99% used [0x00000000ea100000,0x00000000eb1797f0,0x00000000eb180000)
  to   space 22528K, 0% used [0x00000000ecd00000,0x00000000ecd00000,0x00000000ee300000)
 ParOldGen       total 118784K, used 71023K [0x00000000a0000000, 0x00000000a7400000, 0x00000000e0000000)
  object space 118784K, 59% used [0x00000000a0000000,0x00000000a455bfe0,0x00000000a7400000)
 Metaspace       used 75895K, capacity 78930K, committed 79256K, reserved 1118208K
  class space    used 9929K, capacity 10576K, committed 10664K, reserved 1048576K
Event: 51.511 GC heap after
Heap after GC invocations=25 (full 3):
 PSYoungGen      total 202752K, used 5551K [0x00000000e0000000, 0x00000000edf00000, 0x0000000100000000)
  eden space 184320K, 0% used [0x00000000e0000000,0x00000000e0000000,0x00000000eb400000)
  from space 18432K, 30% used [0x00000000ecd00000,0x00000000ed26bfe0,0x00000000edf00000)
  to   space 22016K, 0% used [0x00000000eb400000,0x00000000eb400000,0x00000000ec980000)
 ParOldGen       total 118784K, used 82198K [0x00000000a0000000, 0x00000000a7400000, 0x00000000e0000000)
  object space 118784K, 69% used [0x00000000a0000000,0x00000000a50458c8,0x00000000a7400000)
 Metaspace       used 75895K, capacity 78930K, committed 79256K, reserved 1118208K
  class space    used 9929K, capacity 10576K, committed 10664K, reserved 1048576K
}
Event: 74.814 GC heap before
{Heap before GC invocations=26 (full 3):
 PSYoungGen      total 202752K, used 89387K [0x00000000e0000000, 0x00000000edf00000, 0x0000000100000000)
  eden space 184320K, 45% used [0x00000000e0000000,0x00000000e51def00,0x00000000eb400000)
  from space 18432K, 30% used [0x00000000ecd00000,0x00000000ed26bfe0,0x00000000edf00000)
  to   space 22016K, 0% used [0x00000000eb400000,0x00000000eb400000,0x00000000ec980000)
 ParOldGen       total 118784K, used 82198K [0x00000000a0000000, 0x00000000a7400000, 0x00000000e0000000)
  object space 118784K, 69% used [0x00000000a0000000,0x00000000a50458c8,0x00000000a7400000)
 Metaspace       used 78712K, capacity 81854K, committed 81944K, reserved 1124352K
  class space    used 10302K, capacity 10982K, committed 11048K, reserved 1048576K
Event: 74.894 GC heap after
Heap after GC invocations=26 (full 3):
 PSYoungGen      total 206336K, used 10271K [0x00000000e0000000, 0x00000000edf00000, 0x0000000100000000)
  eden space 184320K, 0% used [0x00000000e0000000,0x00000000e0000000,0x00000000eb400000)
  from space 22016K, 46% used [0x00000000eb400000,0x00000000ebe07e98,0x00000000ec980000)
  to   space 18432K, 0% used [0x00000000ecd00000,0x00000000ecd00000,0x00000000edf00000)
 ParOldGen       total 118784K, used 82206K [0x00000000a0000000, 0x00000000a7400000, 0x00000000e0000000)
  object space 118784K, 69% used [0x00000000a0000000,0x00000000a50478c8,0x00000000a7400000)
 Metaspace       used 78712K, capacity 81854K, committed 81944K, reserved 1124352K
  class space    used 10302K, capacity 10982K, committed 11048K, reserved 1048576K
}
Event: 74.894 GC heap before
{Heap before GC invocations=27 (full 4):
 PSYoungGen      total 206336K, used 10271K [0x00000000e0000000, 0x00000000edf00000, 0x0000000100000000)
  eden space 184320K, 0% used [0x00000000e0000000,0x00000000e0000000,0x00000000eb400000)
  from space 22016K, 46% used [0x00000000eb400000,0x00000000ebe07e98,0x00000000ec980000)
  to   space 18432K, 0% used [0x00000000ecd00000,0x00000000ecd00000,0x00000000edf00000)
 ParOldGen       total 118784K, used 82206K [0x00000000a0000000, 0x00000000a7400000, 0x00000000e0000000)
  object space 118784K, 69% used [0x00000000a0000000,0x00000000a50478c8,0x00000000a7400000)
 Metaspace       used 78712K, capacity 81854K, committed 81944K, reserved 1124352K
  class space    used 10302K, capacity 10982K, committed 11048K, reserved 1048576K
Event: 76.250 GC heap after
Heap after GC invocations=27 (full 4):
 PSYoungGen      total 206336K, used 0K [0x00000000e0000000, 0x00000000edf00000, 0x0000000100000000)
  eden space 184320K, 0% used [0x00000000e0000000,0x00000000e0000000,0x00000000eb400000)
  from space 22016K, 0% used [0x00000000eb400000,0x00000000eb400000,0x00000000ec980000)
  to   space 18432K, 0% used [0x00000000ecd00000,0x00000000ecd00000,0x00000000edf00000)
 ParOldGen       total 118784K, used 67590K [0x00000000a0000000, 0x00000000a7400000, 0x00000000e0000000)
  object space 118784K, 56% used [0x00000000a0000000,0x00000000a4201ac0,0x00000000a7400000)
 Metaspace       used 78643K, capacity 81640K, committed 81944K, reserved 1122304K
  class space    used 10280K, capacity 10945K, committed 11048K, reserved 1048576K
}

Deoptimization events (10 events):
Event: 73.811 Thread 0x000000001876b000 Uncommon trap: reason=unstable_if action=reinterpret pc=0x0000000004d8eddc method=com.google.common.collect.ImmutableCollection$ArrayBasedBuilder.addAll(Ljava/lang/Iterable;)Lcom/google/common/collect/ImmutableCollection$Builder; @ 4
Event: 77.146 Thread 0x000000001876b000 Uncommon trap: reason=bimorphic action=maybe_recompile pc=0x0000000003df20b4 method=java.util.HashMap.removeNode(ILjava/lang/Object;Ljava/lang/Object;ZZ)Ljava/util/HashMap$Node; @ 283
Event: 77.841 Thread 0x000000001876b000 Uncommon trap: reason=unstable_if action=reinterpret pc=0x0000000003887f34 method=java.lang.StringCoding$StringDecoder.decode([BII)[C @ 20
Event: 77.934 Thread 0x000000001876b000 Uncommon trap: reason=unstable_if action=reinterpret pc=0x0000000004d10a70 method=java.util.EnumMap.isValidKey(Ljava/lang/Object;)Z @ 16
Event: 78.182 Thread 0x000000001876b000 Uncommon trap: reason=unstable_if action=reinterpret pc=0x0000000004df3208 method=com.sun.tools.javac.parser.UnicodeReader.scanChar()V @ 37
Event: 78.255 Thread 0x000000001876b000 Uncommon trap: reason=unstable_if action=reinterpret pc=0x0000000004bc9240 method=java.lang.Integer.parseInt(Ljava/lang/String;I)I @ 122
Event: 78.297 Thread 0x000000001876b000 Uncommon trap: reason=unstable_if action=reinterpret pc=0x000000000514f840 method=com.sun.tools.javac.parser.JavaTokenizer.readToken()Lcom/sun/tools/javac/parser/Tokens$Token; @ 961
Event: 78.298 Thread 0x000000001876b000 Uncommon trap: reason=unstable_if action=reinterpret pc=0x0000000004bf6d14 method=com.sun.tools.javac.parser.UnicodeReader.scanChar()V @ 37
Event: 78.298 Thread 0x000000001876b000 Uncommon trap: reason=unstable_if action=reinterpret pc=0x00000000051372b0 method=com.sun.tools.javac.util.Name$Table.equals([BI[BII)Z @ 22
Event: 78.298 Thread 0x000000001876b000 Uncommon trap: reason=unstable_if action=reinterpret pc=0x0000000004c86c00 method=com.sun.tools.javac.util.Name$Table.equals([BI[BII)Z @ 22

Classes redefined (0 events):
No events

Internal exceptions (10 events):
Event: 43.452 Thread 0x000000001876b000 Implicit null exception at 0x0000000004e9acd6 to 0x0000000004e98e65
Event: 43.461 Thread 0x000000001876b000 Exception <a 'java/lang/NoSuchMethodError': <clinit>> (0x00000000e5862e28) thrown at [D:\src\AOSP-openjdk-cygwin\jdk8u\hotspot\src\share\vm\prims\jni.cpp, line 1614]
Event: 43.463 Thread 0x000000001876b000 Exception <a 'java/lang/NoSuchMethodError': <clinit>> (0x00000000e5883388) thrown at [D:\src\AOSP-openjdk-cygwin\jdk8u\hotspot\src\share\vm\prims\jni.cpp, line 1614]
Event: 43.464 Thread 0x000000001876b000 Exception <a 'java/lang/NoSuchMethodError': <clinit>> (0x00000000e5888640) thrown at [D:\src\AOSP-openjdk-cygwin\jdk8u\hotspot\src\share\vm\prims\jni.cpp, line 1614]
Event: 43.465 Thread 0x000000001876b000 Exception <a 'java/lang/NoSuchMethodError': <clinit>> (0x00000000e589c608) thrown at [D:\src\AOSP-openjdk-cygwin\jdk8u\hotspot\src\share\vm\prims\jni.cpp, line 1614]
Event: 48.691 Thread 0x000000001df46800 Exception <a 'java/lang/NoSuchMethodError': <clinit>> (0x00000000e7963338) thrown at [D:\src\AOSP-openjdk-cygwin\jdk8u\hotspot\src\share\vm\prims\jni.cpp, line 1614]
Event: 52.282 Thread 0x000000001876b000 Exception <a 'java/lang/NoSuchMethodError': <clinit>> (0x00000000e02096c0) thrown at [D:\src\AOSP-openjdk-cygwin\jdk8u\hotspot\src\share\vm\prims\jni.cpp, line 1614]
Event: 52.284 Thread 0x000000001876b000 Exception <a 'java/lang/NoSuchMethodError': <clinit>> (0x00000000e0226270) thrown at [D:\src\AOSP-openjdk-cygwin\jdk8u\hotspot\src\share\vm\prims\jni.cpp, line 1614]
Event: 52.285 Thread 0x000000001876b000 Exception <a 'java/lang/NoSuchMethodError': <clinit>> (0x00000000e02428d0) thrown at [D:\src\AOSP-openjdk-cygwin\jdk8u\hotspot\src\share\vm\prims\jni.cpp, line 1614]
Event: 52.290 Thread 0x000000001876b000 Exception <a 'java/lang/NoSuchMethodError': <clinit>> (0x00000000e02715c0) thrown at [D:\src\AOSP-openjdk-cygwin\jdk8u\hotspot\src\share\vm\prims\jni.cpp, line 1614]

Events (10 events):
Event: 78.298 Thread 0x000000001876b000 Uncommon trap: trap_request=0xffffff65 fr.pc=0x00000000051372b0
Event: 78.298 Thread 0x000000001876b000 DEOPT PACKING pc=0x00000000051372b0 sp=0x000000001aea7160
Event: 78.298 Thread 0x000000001876b000 DEOPT UNPACKING pc=0x0000000002ee557b sp=0x000000001aea6ee8 mode 2
Event: 78.298 Thread 0x000000001876b000 Uncommon trap: trap_request=0xffffff65 fr.pc=0x0000000004c86c00
Event: 78.298 Thread 0x000000001876b000 DEOPT PACKING pc=0x0000000004c86c00 sp=0x000000001aea6ac0
Event: 78.298 Thread 0x000000001876b000 DEOPT UNPACKING pc=0x0000000002ee557b sp=0x000000001aea6a40 mode 2
Event: 78.308 loading class com/sun/tools/javac/tree/JCTree$1
Event: 78.308 loading class com/sun/tools/javac/tree/JCTree$1 done
Event: 78.309 loading class com/sun/tools/javac/code/BoundKind
Event: 78.309 loading class com/sun/tools/javac/code/BoundKind done


Dynamic libraries:
0x00007ff7b01c0000 - 0x00007ff7b01f1000 	C:\Program Files\Android\Android Studio\jre\bin\java.exe
0x00007ffa45dc0000 - 0x00007ffa45fb0000 	C:\WINDOWS\SYSTEM32\ntdll.dll
0x00007ffa21ec0000 - 0x00007ffa21ed4000 	C:\Program Files\AVAST Software\Avast\aswhook.dll
0x00007ffa45c60000 - 0x00007ffa45d12000 	C:\WINDOWS\System32\KERNEL32.DLL
0x00007ffa43180000 - 0x00007ffa43423000 	C:\WINDOWS\System32\KERNELBASE.dll
0x00007ffa45a50000 - 0x00007ffa45af3000 	C:\WINDOWS\System32\ADVAPI32.dll
0x00007ffa45b00000 - 0x00007ffa45b9e000 	C:\WINDOWS\System32\msvcrt.dll
0x00007ffa44480000 - 0x00007ffa44517000 	C:\WINDOWS\System32\sechost.dll
0x00007ffa44520000 - 0x00007ffa44640000 	C:\WINDOWS\System32\RPCRT4.dll
0x00007ffa43f20000 - 0x00007ffa440b4000 	C:\WINDOWS\System32\USER32.dll
0x00007ffa42dd0000 - 0x00007ffa42df1000 	C:\WINDOWS\System32\win32u.dll
0x00007ffa45c30000 - 0x00007ffa45c56000 	C:\WINDOWS\System32\GDI32.dll
0x00007ffa43cb0000 - 0x00007ffa43e44000 	C:\WINDOWS\System32\gdi32full.dll
0x00007ffa42e00000 - 0x00007ffa42e9e000 	C:\WINDOWS\System32\msvcp_win.dll
0x00007ffa43430000 - 0x00007ffa4352a000 	C:\WINDOWS\System32\ucrtbase.dll
0x00007ffa2d480000 - 0x00007ffa2d705000 	C:\WINDOWS\WinSxS\amd64_microsoft.windows.common-controls_6595b64144ccf1df_6.0.18362.476_none_e6c4b11b130f2595\COMCTL32.dll
0x00007ffa440c0000 - 0x00007ffa443f6000 	C:\WINDOWS\System32\combase.dll
0x00007ffa42ea0000 - 0x00007ffa42f20000 	C:\WINDOWS\System32\bcryptPrimitives.dll
0x00007ffa45870000 - 0x00007ffa4589e000 	C:\WINDOWS\System32\IMM32.DLL
0x00000000702e0000 - 0x00000000703b2000 	C:\Program Files\Android\Android Studio\jre\jre\bin\msvcr100.dll
0x00000000704a0000 - 0x0000000070ce6000 	C:\Program Files\Android\Android Studio\jre\jre\bin\server\jvm.dll
0x00007ffa44f50000 - 0x00007ffa44f58000 	C:\WINDOWS\System32\PSAPI.DLL
0x00007ffa39b50000 - 0x00007ffa39b59000 	C:\WINDOWS\SYSTEM32\WSOCK32.dll
0x00007ffa456d0000 - 0x00007ffa4573f000 	C:\WINDOWS\System32\WS2_32.dll
0x00007ffa3f520000 - 0x00007ffa3f544000 	C:\WINDOWS\SYSTEM32\WINMM.dll
0x00007ffa3e8b0000 - 0x00007ffa3e8ba000 	C:\WINDOWS\SYSTEM32\VERSION.dll
0x00007ffa3f4f0000 - 0x00007ffa3f51d000 	C:\WINDOWS\SYSTEM32\WINMMBASE.dll
0x00007ffa42d50000 - 0x00007ffa42d9a000 	C:\WINDOWS\System32\cfgmgr32.dll
0x00007ffa315e0000 - 0x00007ffa315ef000 	C:\Program Files\Android\Android Studio\jre\jre\bin\verify.dll
0x00007ffa31340000 - 0x00007ffa31369000 	C:\Program Files\Android\Android Studio\jre\jre\bin\java.dll
0x00007ffa315c0000 - 0x00007ffa315d6000 	C:\Program Files\Android\Android Studio\jre\jre\bin\zip.dll
0x00007ffa44710000 - 0x00007ffa44df5000 	C:\WINDOWS\System32\SHELL32.dll
0x00007ffa453f0000 - 0x00007ffa45499000 	C:\WINDOWS\System32\shcore.dll
0x00007ffa43530000 - 0x00007ffa43cae000 	C:\WINDOWS\System32\windows.storage.dll
0x00007ffa42d30000 - 0x00007ffa42d4f000 	C:\WINDOWS\System32\profapi.dll
0x00007ffa42cc0000 - 0x00007ffa42d0a000 	C:\WINDOWS\System32\powrprof.dll
0x00007ffa42c90000 - 0x00007ffa42ca0000 	C:\WINDOWS\System32\UMPDC.dll
0x00007ffa446b0000 - 0x00007ffa44702000 	C:\WINDOWS\System32\shlwapi.dll
0x00007ffa42d10000 - 0x00007ffa42d21000 	C:\WINDOWS\System32\kernel.appcore.dll
0x00007ffa43e50000 - 0x00007ffa43e67000 	C:\WINDOWS\System32\cryptsp.dll
0x00007ffa310a0000 - 0x00007ffa310ba000 	C:\Program Files\Android\Android Studio\jre\jre\bin\net.dll
0x00007ffa424a0000 - 0x00007ffa42507000 	C:\WINDOWS\system32\mswsock.dll
0x00007ffa305b0000 - 0x00007ffa305c1000 	C:\Program Files\Android\Android Studio\jre\jre\bin\nio.dll
0x00007ffa303b0000 - 0x00007ffa303d6000 	C:\Users\User\.gradle\native\29\windows-amd64\native-platform.dll
0x00007ffa2c6f0000 - 0x00007ffa2c6fd000 	C:\Program Files\Android\Android Studio\jre\jre\bin\management.dll
0x00007ffa42010000 - 0x00007ffa42043000 	C:\WINDOWS\system32\rsaenh.dll
0x00007ffa42da0000 - 0x00007ffa42dc6000 	C:\WINDOWS\System32\bcrypt.dll
0x00007ffa42b80000 - 0x00007ffa42ba5000 	C:\WINDOWS\SYSTEM32\USERENV.dll
0x00007ffa42670000 - 0x00007ffa4267c000 	C:\WINDOWS\SYSTEM32\CRYPTBASE.dll
0x00007ffa421b0000 - 0x00007ffa421ea000 	C:\WINDOWS\SYSTEM32\IPHLPAPI.DLL
0x00007ffa45ba0000 - 0x00007ffa45ba8000 	C:\WINDOWS\System32\NSI.dll
0x00007ffa3c7d0000 - 0x00007ffa3c7e6000 	C:\WINDOWS\SYSTEM32\dhcpcsvc6.DLL
0x00007ffa3c7b0000 - 0x00007ffa3c7cc000 	C:\WINDOWS\SYSTEM32\dhcpcsvc.DLL
0x00007ffa42200000 - 0x00007ffa422ca000 	C:\WINDOWS\SYSTEM32\DNSAPI.dll
0x00007ff9f7630000 - 0x00007ff9f77cc000 	C:\Program Files\Android\Android Studio\jre\jre\bin\awt.dll
0x00007ffa457a0000 - 0x00007ffa45864000 	C:\WINDOWS\System32\OLEAUT32.dll
0x00007ffa410c0000 - 0x00007ffa410ed000 	C:\WINDOWS\SYSTEM32\dwmapi.dll
0x00007ffa3fcb0000 - 0x00007ffa40270000 	C:\WINDOWS\SYSTEM32\d2d1.dll
0x00007ffa40e30000 - 0x00007ffa40ebf000 	C:\WINDOWS\SYSTEM32\apphelp.dll
0x00007ffa40fb0000 - 0x00007ffa41049000 	C:\WINDOWS\system32\uxtheme.dll

VM Arguments:
jvm_args: -Xmx1536m -Dfile.encoding=windows-1252 -Duser.country=IN -Duser.language=en -Duser.variant 
java_command: org.gradle.launcher.daemon.bootstrap.GradleDaemon 5.4.1
java_class_path (initial): C:\Users\User\.gradle\wrapper\dists\gradle-5.4.1-all\3221gyojl5jsh0helicew7rwx\gradle-5.4.1\lib\gradle-launcher-5.4.1.jar
Launcher Type: SUN_STANDARD

Environment Variables:
PATH=C:\Program Files (x86)\Common Files\Oracle\Java\javapath;C:\Program Files\Microsoft MPI\Bin\;C:\WINDOWS\system32;C:\WINDOWS;C:\WINDOWS\System32\Wbem;C:\WINDOWS\System32\WindowsPowerShell\v1.0\;C:\Program Files\dotnet\;C:\WINDOWS\System32\OpenSSH\;C:\Program Files\Git\cmd;;D:\Microsoft VS Code\bin;C:\Users\User\AppData\Local\Microsoft\WindowsApps
USERNAME=User
OS=Windows_NT
PROCESSOR_IDENTIFIER=Intel64 Family 6 Model 94 Stepping 3, GenuineIntel



---------------  S Y S T E M  ---------------

OS: Windows 10.0 , 64 bit Build 18362 (10.0.18362.329)

CPU:total 4 (initial active 4) (4 cores per cpu, 1 threads per core) family 6 model 94 stepping 3, cmov, cx8, fxsr, mmx, sse, sse2, sse3, ssse3, sse4.1, sse4.2, popcnt, avx, avx2, aes, clmul, erms, rtm, 3dnowpref, lzcnt, tsc, tscinvbit, bmi1, bmi2, adx

Memory: 4k page, physical 8265828k(357460k free), swap 13385828k(4204k free)

vm_info: OpenJDK 64-Bit Server VM (25.202-b03) for windows-amd64 JRE (1.8.0_202-release-1483-b03), built by "builder" with MS VC++ 10.0 (VS2010)

time: Mon Dec 09 17:56:43 2019
timezone: India Standard Time
elapsed time: 78 seconds (0d 0h 1m 18s)

