#
# There is insufficient memory for the Java Runtime Environment to continue.
# Native memory allocation (malloc) failed to allocate 32784 bytes for Chunk::new
# Possible reasons:
#   The system is out of physical RAM or swap space
#   The process is running with CompressedOops enabled, and the Java Heap may be blocking the growth of the native heap
# Possible solutions:
#   Reduce memory load on the system
#   Increase physical memory or swap space
#   Check if swap backing store is full
#   Decrease Java heap size (-Xmx/-Xms)
#   Decrease number of Java threads
#   Decrease Java thread stack sizes (-Xss)
#   Set larger code cache with -XX:ReservedCodeCacheSize=
#   JVM is running with Unscaled Compressed Oops mode in which the Java heap is
#     placed in the first 4GB address space. The Java Heap base address is the
#     maximum limit for the native heap growth. Please use -XX:HeapBaseMinAddress
#     to set the Java Heap base and to place the Java Heap above 4GB virtual address.
# This output file may be truncated or incomplete.
#
#  Out of Memory Error (allocation.cpp:389), pid=11520, tid=0x000000000000067c
#
# JRE version: OpenJDK Runtime Environment (8.0_202-b03) (build 1.8.0_202-release-1483-b03)
# Java VM: OpenJDK 64-Bit Server VM (25.202-b03 mixed mode windows-amd64 compressed oops)
# Failed to write core dump. Minidumps are not enabled by default on client versions of Windows
#

---------------  T H R E A D  ---------------

Current thread (0x0000000016230000):  JavaThread "C1 CompilerThread2" daemon [_thread_in_native, id=1660, stack(0x0000000017a70000,0x0000000017b70000)]

Stack: [0x0000000017a70000,0x0000000017b70000]
[error occurred during error reporting (printing stack bounds), id 0xc0000005]

Native frames: (J=compiled Java code, j=interpreted, Vv=VM code, C=native code)


Current CompileTask:
C1:  13321 7394       3       com.sun.tools.javac.parser.JavacParser::term3 (2502 bytes)


---------------  P R O C E S S  ---------------

Java Threads: ( => current thread )
  0x000000001cbac000 JavaThread "Cache worker for Java compile cache (D:\arun\3FHarvestingBR\.gradle\5.4.1\javaCompile)" [_thread_blocked, id=7284, stack(0x0000000024b60000,0x0000000024c60000)]
  0x000000001cba9000 JavaThread "Cache worker for Java compile cache (C:\Users\User\.gradle\caches\5.4.1\javaCompile)" [_thread_blocked, id=2264, stack(0x00000000239f0000,0x0000000023af0000)]
  0x000000001cba9800 JavaThread "Cache worker for execution history cache (D:\arun\3FHarvestingBR\.gradle\5.4.1\executionHistory)" [_thread_blocked, id=8504, stack(0x00000000236f0000,0x00000000237f0000)]
  0x000000001cbae000 JavaThread "Execution worker for ':' Thread 3" [_thread_blocked, id=10636, stack(0x00000000235f0000,0x00000000236f0000)]
  0x000000001cbad800 JavaThread "Execution worker for ':' Thread 2" [_thread_in_vm, id=10724, stack(0x00000000234f0000,0x00000000235f0000)]
  0x000000001cbaf000 JavaThread "Execution worker for ':'" [_thread_blocked, id=216, stack(0x00000000233f0000,0x00000000234f0000)]
  0x000000001bba5000 JavaThread "Cache worker for file content cache (D:\arun\3FHarvestingBR\.gradle\5.4.1\fileContent)" [_thread_blocked, id=2516, stack(0x0000000022cf0000,0x0000000022df0000)]
  0x000000001bba3000 JavaThread "Cache worker for file content cache (C:\Users\User\.gradle\caches\5.4.1\fileContent)" [_thread_blocked, id=10356, stack(0x0000000022bf0000,0x0000000022cf0000)]
  0x000000001bba6800 JavaThread "Memory manager" [_thread_blocked, id=13212, stack(0x0000000022830000,0x0000000022930000)]
  0x000000001bba1800 JavaThread "Cache worker for Build Output Cleanup Cache (D:\arun\3FHarvestingBR\.gradle\buildOutputCleanup)" [_thread_blocked, id=8480, stack(0x0000000021f30000,0x0000000022030000)]
  0x000000001bba0000 JavaThread "Build operations Thread 4" [_thread_blocked, id=6980, stack(0x0000000021c30000,0x0000000021d30000)]
  0x000000001bb9c000 JavaThread "Build operations Thread 3" [_thread_blocked, id=10452, stack(0x0000000021b30000,0x0000000021c30000)]
  0x000000001bba0800 JavaThread "Build operations Thread 2" [_thread_blocked, id=9036, stack(0x0000000021a30000,0x0000000021b30000)]
  0x000000001bb98000 JavaThread "Build operations" [_thread_blocked, id=8740, stack(0x0000000021930000,0x0000000021a30000)]
  0x000000001bb9f000 JavaThread "Cache worker for execution history cache (C:\Users\User\.gradle\caches\5.4.1\executionHistory)" [_thread_blocked, id=6936, stack(0x0000000020200000,0x0000000020300000)]
  0x000000001bb9e000 JavaThread "Cache worker for cache directory md-rule (C:\Users\User\.gradle\caches\5.4.1\md-rule)" [_thread_blocked, id=112, stack(0x000000001e970000,0x000000001ea70000)]
  0x000000001bb99000 JavaThread "Cache worker for cache directory md-supplier (C:\Users\User\.gradle\caches\5.4.1\md-supplier)" [_thread_blocked, id=13372, stack(0x000000001e630000,0x000000001e730000)]
  0x00000000188a4000 JavaThread "Cache worker for file hash cache (D:\arun\3FHarvestingBR\.gradle\5.4.1\fileHashes)" [_thread_blocked, id=13056, stack(0x000000001eb30000,0x000000001ec30000)]
  0x00000000188a7000 JavaThread "Cache worker for journal cache (C:\Users\User\.gradle\caches\journal-1)" [_thread_blocked, id=8836, stack(0x000000001adc0000,0x000000001aec0000)]
  0x00000000188a6800 JavaThread "File lock request listener" [_thread_in_native, id=12488, stack(0x000000001acc0000,0x000000001adc0000)]
  0x00000000188a3800 JavaThread "Cache worker for file hash cache (C:\Users\User\.gradle\caches\5.4.1\fileHashes)" [_thread_blocked, id=2212, stack(0x000000001abc0000,0x000000001acc0000)]
  0x0000000017e50000 JavaThread "Thread-9" [_thread_blocked, id=13020, stack(0x000000001aac0000,0x000000001abc0000)]
  0x0000000017f0d800 JavaThread "Stdin handler" [_thread_blocked, id=5372, stack(0x000000001a9c0000,0x000000001aac0000)]
  0x0000000017f0c800 JavaThread "Asynchronous log dispatcher for DefaultDaemonConnection: socket connection from /127.0.0.1:60665 to /127.0.0.1:60669" [_thread_blocked, id=12540, stack(0x000000001a8c0000,0x000000001a9c0000)]
  0x00000000193aa000 JavaThread "Daemon worker" [_thread_blocked, id=11800, stack(0x000000001a7c0000,0x000000001a8c0000)]
  0x00000000193a9000 JavaThread "Cancel handler" [_thread_blocked, id=4816, stack(0x000000001a6c0000,0x000000001a7c0000)]
  0x000000001889e800 JavaThread "Handler for socket connection from /127.0.0.1:60665 to /127.0.0.1:60669" [_thread_in_native, id=9020, stack(0x000000001a3c0000,0x000000001a4c0000)]
  0x000000001889b000 JavaThread "Daemon" [_thread_blocked, id=8172, stack(0x000000001a2c0000,0x000000001a3c0000)]
  0x00000000182d6000 JavaThread "Daemon periodic checks" [_thread_blocked, id=2252, stack(0x000000001a1c0000,0x000000001a2c0000)]
  0x00000000182af000 JavaThread "Incoming local TCP Connector on port 60665" [_thread_in_native, id=808, stack(0x0000000019f80000,0x000000001a080000)]
  0x0000000018fc2000 JavaThread "Daemon health stats" [_thread_blocked, id=8780, stack(0x0000000019940000,0x0000000019a40000)]
  0x0000000017b8e000 JavaThread "Service Thread" daemon [_thread_blocked, id=8380, stack(0x0000000017f70000,0x0000000018070000)]
=>0x0000000016230000 JavaThread "C1 CompilerThread2" daemon [_thread_in_native, id=1660, stack(0x0000000017a70000,0x0000000017b70000)]
  0x000000001621c000 JavaThread "C2 CompilerThread1" daemon [_thread_blocked, id=9800, stack(0x0000000017970000,0x0000000017a70000)]
  0x0000000016218000 JavaThread "C2 CompilerThread0" daemon [_thread_blocked, id=12876, stack(0x0000000017870000,0x0000000017970000)]
  0x0000000016225800 JavaThread "Attach Listener" daemon [_thread_blocked, id=6240, stack(0x0000000017770000,0x0000000017870000)]
  0x0000000016224800 JavaThread "Signal Dispatcher" daemon [_thread_blocked, id=12552, stack(0x0000000017670000,0x0000000017770000)]
  0x00000000028ab000 JavaThread "Finalizer" daemon [_thread_blocked, id=7104, stack(0x0000000017470000,0x0000000017570000)]
  0x0000000016209000 JavaThread "Reference Handler" daemon [_thread_blocked, id=3016, stack(0x0000000017370000,0x0000000017470000)]
  0x000000000269d800 JavaThread "main" [_thread_blocked, id=10496, stack(0x00000000026a0000,0x00000000027a0000)]

Other Threads:
  0x00000000161e6000 VMThread [stack: 0x0000000017270000,0x0000000017370000] [id=8972]
  0x0000000017b8f000 WatcherThread [stack: 0x0000000018070000,0x0000000018170000] [id=8700]

VM state:not at safepoint (normal execution)

VM Mutex/Monitor currently owned by a thread: None

OutOfMemory and StackOverflow Exception counts:
OutOfMemoryError java_heap_errors=1

heap address: 0x00000000a0000000, size: 1536 MB, Compressed Oops mode: 32-bit
Narrow klass base: 0x0000000000000000, Narrow klass shift: 3
Compressed class space size: 1073741824 Address: 0x0000000100000000

Heap:
 PSYoungGen      total 264704K, used 157971K [0x00000000e0000000, 0x00000000f1c00000, 0x0000000100000000)
  eden space 245248K, 64% used [0x00000000e0000000,0x00000000e9a44e80,0x00000000eef80000)
  from space 19456K, 0% used [0x00000000f0480000,0x00000000f0480000,0x00000000f1780000)
  to   space 21504K, 0% used [0x00000000eef80000,0x00000000eef80000,0x00000000f0480000)
 ParOldGen       total 124416K, used 32589K [0x00000000a0000000, 0x00000000a7980000, 0x00000000e0000000)
  object space 124416K, 26% used [0x00000000a0000000,0x00000000a1fd34b8,0x00000000a7980000)
 Metaspace       used 63994K, capacity 65961K, committed 66264K, reserved 1105920K
  class space    used 8645K, capacity 9122K, committed 9216K, reserved 1048576K

Card table byte_map: [0x0000000011c70000,0x0000000011f80000] byte_map_base: 0x0000000011770000

Marking Bits: (ParMarkBitMap*) 0x0000000070c69f30
 Begin Bits: [0x0000000012580000, 0x0000000013d80000)
 End Bits:   [0x0000000013d80000, 0x0000000015580000)

Polling page: 0x0000000000b60000

CodeCache: size=245760Kb used=20328Kb max_used=20340Kb free=225431Kb
 bounds [0x00000000028b0000, 0x0000000003cb0000, 0x00000000118b0000]
 total_blobs=7400 nmethods=6594 adapters=719
 compilation: enabled

Compilation events (10 events):
Event: 13.296 Thread 0x0000000016230000 7389       3       com.sun.tools.javac.parser.Scanner::ensureLookahead (39 bytes)
Event: 13.296 Thread 0x0000000016230000 nmethod 7389 0x0000000003c988d0 code [0x0000000003c98a60, 0x0000000003c98ec8]
Event: 13.296 Thread 0x0000000016230000 7388       3       com.sun.tools.javac.parser.JavacParser::term (30 bytes)
Event: 13.297 Thread 0x0000000016230000 nmethod 7388 0x0000000003c984d0 code [0x0000000003c98640, 0x0000000003c98808]
Event: 13.297 Thread 0x0000000016230000 7394       3       com.sun.tools.javac.parser.JavacParser::term3 (2502 bytes)
Event: 13.304 Thread 0x0000000016218000 7397       4       sun.nio.cs.SingleByte$Encoder::encodeArrayLoop (236 bytes)
Event: 13.309 Thread 0x000000001621c000 7405       4       org.gradle.internal.io.StreamByteBuffer::allocateSpace (74 bytes)
Event: 13.310 Thread 0x000000001621c000 nmethod 7405 0x0000000002bffd10 code [0x0000000002bffe40, 0x0000000002bffed8]
Event: 13.311 Thread 0x0000000016218000 nmethod 7397 0x0000000003c9ca90 code [0x0000000003c9cc00, 0x0000000003c9d298]
Event: 13.313 Thread 0x000000001621c000 7407       4       java.util.Collections$SetFromMap::contains (11 bytes)

GC Heap History (10 events):
Event: 5.103 GC heap before
{Heap before GC invocations=9 (full 1):
 PSYoungGen      total 141312K, used 23723K [0x00000000e0000000, 0x00000000ecf80000, 0x0000000100000000)
  eden space 129536K, 9% used [0x00000000e0000000,0x00000000e0bad660,0x00000000e7e80000)
  from space 11776K, 99% used [0x00000000e7e80000,0x00000000e89fd8e8,0x00000000e8a00000)
  to   space 13824K, 0% used [0x00000000ec200000,0x00000000ec200000,0x00000000ecf80000)
 ParOldGen       total 60928K, used 11768K [0x00000000a0000000, 0x00000000a3b80000, 0x00000000e0000000)
  object space 60928K, 19% used [0x00000000a0000000,0x00000000a0b7e398,0x00000000a3b80000)
 Metaspace       used 34628K, capacity 35394K, committed 35456K, reserved 1079296K
  class space    used 4774K, capacity 4986K, committed 4992K, reserved 1048576K
Event: 5.110 GC heap after
Heap after GC invocations=9 (full 1):
 PSYoungGen      total 198656K, used 9047K [0x00000000e0000000, 0x00000000ef780000, 0x0000000100000000)
  eden space 184832K, 0% used [0x00000000e0000000,0x00000000e0000000,0x00000000eb480000)
  from space 13824K, 65% used [0x00000000ec200000,0x00000000ecad5df0,0x00000000ecf80000)
  to   space 13824K, 0% used [0x00000000eb480000,0x00000000eb480000,0x00000000ec200000)
 ParOldGen       total 60928K, used 11776K [0x00000000a0000000, 0x00000000a3b80000, 0x00000000e0000000)
  object space 60928K, 19% used [0x00000000a0000000,0x00000000a0b80398,0x00000000a3b80000)
 Metaspace       used 34628K, capacity 35394K, committed 35456K, reserved 1079296K
  class space    used 4774K, capacity 4986K, committed 4992K, reserved 1048576K
}
Event: 5.110 GC heap before
{Heap before GC invocations=10 (full 2):
 PSYoungGen      total 198656K, used 9047K [0x00000000e0000000, 0x00000000ef780000, 0x0000000100000000)
  eden space 184832K, 0% used [0x00000000e0000000,0x00000000e0000000,0x00000000eb480000)
  from space 13824K, 65% used [0x00000000ec200000,0x00000000ecad5df0,0x00000000ecf80000)
  to   space 13824K, 0% used [0x00000000eb480000,0x00000000eb480000,0x00000000ec200000)
 ParOldGen       total 60928K, used 11776K [0x00000000a0000000, 0x00000000a3b80000, 0x00000000e0000000)
  object space 60928K, 19% used [0x00000000a0000000,0x00000000a0b80398,0x00000000a3b80000)
 Metaspace       used 34628K, capacity 35394K, committed 35456K, reserved 1079296K
  class space    used 4774K, capacity 4986K, committed 4992K, reserved 1048576K
Event: 5.173 GC heap after
Heap after GC invocations=10 (full 2):
 PSYoungGen      total 198656K, used 0K [0x00000000e0000000, 0x00000000ef780000, 0x0000000100000000)
  eden space 184832K, 0% used [0x00000000e0000000,0x00000000e0000000,0x00000000eb480000)
  from space 13824K, 0% used [0x00000000ec200000,0x00000000ec200000,0x00000000ecf80000)
  to   space 13824K, 0% used [0x00000000eb480000,0x00000000eb480000,0x00000000ec200000)
 ParOldGen       total 83968K, used 16004K [0x00000000a0000000, 0x00000000a5200000, 0x00000000e0000000)
  object space 83968K, 19% used [0x00000000a0000000,0x00000000a0fa12b0,0x00000000a5200000)
 Metaspace       used 34628K, capacity 35394K, committed 35456K, reserved 1079296K
  class space    used 4774K, capacity 4986K, committed 4992K, reserved 1048576K
}
Event: 7.079 GC heap before
{Heap before GC invocations=11 (full 2):
 PSYoungGen      total 198656K, used 184832K [0x00000000e0000000, 0x00000000ef780000, 0x0000000100000000)
  eden space 184832K, 100% used [0x00000000e0000000,0x00000000eb480000,0x00000000eb480000)
  from space 13824K, 0% used [0x00000000ec200000,0x00000000ec200000,0x00000000ecf80000)
  to   space 13824K, 0% used [0x00000000eb480000,0x00000000eb480000,0x00000000ec200000)
 ParOldGen       total 83968K, used 16004K [0x00000000a0000000, 0x00000000a5200000, 0x00000000e0000000)
  object space 83968K, 19% used [0x00000000a0000000,0x00000000a0fa12b0,0x00000000a5200000)
 Metaspace       used 51880K, capacity 53308K, committed 53632K, reserved 1095680K
  class space    used 7035K, capacity 7471K, committed 7552K, reserved 1048576K
Event: 7.115 GC heap after
Heap after GC invocations=11 (full 2):
 PSYoungGen      total 198656K, used 13796K [0x00000000e0000000, 0x00000000f1780000, 0x0000000100000000)
  eden space 184832K, 0% used [0x00000000e0000000,0x00000000e0000000,0x00000000eb480000)
  from space 13824K, 99% used [0x00000000eb480000,0x00000000ec1f9188,0x00000000ec200000)
  to   space 19456K, 0% used [0x00000000f0480000,0x00000000f0480000,0x00000000f1780000)
 ParOldGen       total 83968K, used 25514K [0x00000000a0000000, 0x00000000a5200000, 0x00000000e0000000)
  object space 83968K, 30% used [0x00000000a0000000,0x00000000a18ea8f8,0x00000000a5200000)
 Metaspace       used 51880K, capacity 53308K, committed 53632K, reserved 1095680K
  class space    used 7035K, capacity 7471K, committed 7552K, reserved 1048576K
}
Event: 8.274 GC heap before
{Heap before GC invocations=12 (full 2):
 PSYoungGen      total 198656K, used 89513K [0x00000000e0000000, 0x00000000f1780000, 0x0000000100000000)
  eden space 184832K, 40% used [0x00000000e0000000,0x00000000e49f1368,0x00000000eb480000)
  from space 13824K, 99% used [0x00000000eb480000,0x00000000ec1f9188,0x00000000ec200000)
  to   space 19456K, 0% used [0x00000000f0480000,0x00000000f0480000,0x00000000f1780000)
 ParOldGen       total 83968K, used 25514K [0x00000000a0000000, 0x00000000a5200000, 0x00000000e0000000)
  object space 83968K, 30% used [0x00000000a0000000,0x00000000a18ea8f8,0x00000000a5200000)
 Metaspace       used 57465K, capacity 59043K, committed 59096K, reserved 1099776K
  class space    used 7777K, capacity 8192K, committed 8192K, reserved 1048576K
Event: 8.309 GC heap after
Heap after GC invocations=12 (full 2):
 PSYoungGen      total 264704K, used 17559K [0x00000000e0000000, 0x00000000f1c00000, 0x0000000100000000)
  eden space 245248K, 0% used [0x00000000e0000000,0x00000000e0000000,0x00000000eef80000)
  from space 19456K, 90% used [0x00000000f0480000,0x00000000f15a5f48,0x00000000f1780000)
  to   space 21504K, 0% used [0x00000000eef80000,0x00000000eef80000,0x00000000f0480000)
 ParOldGen       total 83968K, used 25522K [0x00000000a0000000, 0x00000000a5200000, 0x00000000e0000000)
  object space 83968K, 30% used [0x00000000a0000000,0x00000000a18ec8f8,0x00000000a5200000)
 Metaspace       used 57465K, capacity 59043K, committed 59096K, reserved 1099776K
  class space    used 7777K, capacity 8192K, committed 8192K, reserved 1048576K
}
Event: 8.309 GC heap before
{Heap before GC invocations=13 (full 3):
 PSYoungGen      total 264704K, used 17559K [0x00000000e0000000, 0x00000000f1c00000, 0x0000000100000000)
  eden space 245248K, 0% used [0x00000000e0000000,0x00000000e0000000,0x00000000eef80000)
  from space 19456K, 90% used [0x00000000f0480000,0x00000000f15a5f48,0x00000000f1780000)
  to   space 21504K, 0% used [0x00000000eef80000,0x00000000eef80000,0x00000000f0480000)
 ParOldGen       total 83968K, used 25522K [0x00000000a0000000, 0x00000000a5200000, 0x00000000e0000000)
  object space 83968K, 30% used [0x00000000a0000000,0x00000000a18ec8f8,0x00000000a5200000)
 Metaspace       used 57465K, capacity 59043K, committed 59096K, reserved 1099776K
  class space    used 7777K, capacity 8192K, committed 8192K, reserved 1048576K
Event: 8.511 GC heap after
Heap after GC invocations=13 (full 3):
 PSYoungGen      total 264704K, used 0K [0x00000000e0000000, 0x00000000f1c00000, 0x0000000100000000)
  eden space 245248K, 0% used [0x00000000e0000000,0x00000000e0000000,0x00000000eef80000)
  from space 19456K, 0% used [0x00000000f0480000,0x00000000f0480000,0x00000000f1780000)
  to   space 21504K, 0% used [0x00000000eef80000,0x00000000eef80000,0x00000000f0480000)
 ParOldGen       total 124416K, used 32589K [0x00000000a0000000, 0x00000000a7980000, 0x00000000e0000000)
  object space 124416K, 26% used [0x00000000a0000000,0x00000000a1fd34b8,0x00000000a7980000)
 Metaspace       used 57465K, capacity 59043K, committed 59096K, reserved 1099776K
  class space    used 7777K, capacity 8192K, committed 8192K, reserved 1048576K
}

Deoptimization events (10 events):
Event: 10.401 Thread 0x000000001bba0000 Uncommon trap: reason=unstable_if action=reinterpret pc=0x000000000362659c method=java.util.concurrent.ConcurrentHashMap.addCount(JI)V @ 7
Event: 10.401 Thread 0x000000001cbaf000 Uncommon trap: reason=unstable_if action=reinterpret pc=0x000000000362659c method=java.util.concurrent.ConcurrentHashMap.addCount(JI)V @ 7
Event: 11.118 Thread 0x000000001cbad800 Uncommon trap: reason=unstable_if action=reinterpret pc=0x0000000002ca0f70 method=java.lang.String.regionMatches(ZILjava/lang/String;II)Z @ 123
Event: 11.378 Thread 0x000000001cbad800 Uncommon trap: reason=class_check action=maybe_recompile pc=0x00000000035c1d18 method=java.util.regex.Matcher.search(I)Z @ 86
Event: 11.403 Thread 0x000000001cbad800 Uncommon trap: reason=class_check action=maybe_recompile pc=0x00000000035c1d18 method=java.util.regex.Matcher.search(I)Z @ 86
Event: 11.413 Thread 0x000000001cbad800 Uncommon trap: reason=class_check action=maybe_recompile pc=0x00000000035c1d18 method=java.util.regex.Matcher.search(I)Z @ 86
Event: 11.413 Thread 0x000000001cbad800 Uncommon trap: reason=class_check action=maybe_recompile pc=0x00000000035c1d18 method=java.util.regex.Matcher.search(I)Z @ 86
Event: 11.422 Thread 0x000000001cbad800 Uncommon trap: reason=class_check action=maybe_recompile pc=0x0000000003bcd18c method=java.util.HashMap.removeNode(ILjava/lang/Object;Ljava/lang/Object;ZZ)Ljava/util/HashMap$Node; @ 143
Event: 12.872 Thread 0x000000001cbad800 Uncommon trap: reason=unstable_if action=reinterpret pc=0x00000000034f3784 method=java.lang.StringCoding$StringDecoder.decode([BII)[C @ 20
Event: 13.183 Thread 0x000000001cbad800 Uncommon trap: reason=unstable_if action=reinterpret pc=0x00000000034e0d70 method=java.lang.StringCoding$StringDecoder.decode([BII)[C @ 20

Classes redefined (0 events):
No events

Internal exceptions (10 events):
Event: 7.457 Thread 0x00000000193aa000 Exception <a 'java/lang/NullPointerException'> (0x00000000e18b59a0) thrown at [D:\src\AOSP-openjdk-cygwin\jdk8u\hotspot\src\share\vm\interpreter\linkResolver.cpp, line 1287]
Event: 9.716 Thread 0x0000000017e50000 Exception <a 'java/lang/NoSuchMethodError': <clinit>> (0x00000000e003cf48) thrown at [D:\src\AOSP-openjdk-cygwin\jdk8u\hotspot\src\share\vm\prims\jni.cpp, line 1614]
Event: 9.718 Thread 0x0000000017e50000 Exception <a 'java/lang/NoSuchMethodError': <clinit>> (0x00000000e0048c28) thrown at [D:\src\AOSP-openjdk-cygwin\jdk8u\hotspot\src\share\vm\prims\jni.cpp, line 1614]
Event: 9.719 Thread 0x0000000017e50000 Exception <a 'java/lang/NoSuchMethodError': <clinit>> (0x00000000e450afa0) thrown at [D:\src\AOSP-openjdk-cygwin\jdk8u\hotspot\src\share\vm\prims\jni.cpp, line 1614]
Event: 9.757 Thread 0x0000000017e50000 Exception <a 'java/lang/NoSuchMethodError': <clinit>> (0x00000000e45159d0) thrown at [D:\src\AOSP-openjdk-cygwin\jdk8u\hotspot\src\share\vm\prims\jni.cpp, line 1614]
Event: 9.758 Thread 0x0000000017e50000 Exception <a 'java/lang/NoSuchMethodError': <clinit>> (0x00000000e4527020) thrown at [D:\src\AOSP-openjdk-cygwin\jdk8u\hotspot\src\share\vm\prims\jni.cpp, line 1614]
Event: 9.758 Thread 0x0000000017e50000 Exception <a 'java/lang/NoSuchMethodError': <clinit>> (0x00000000e4528b38) thrown at [D:\src\AOSP-openjdk-cygwin\jdk8u\hotspot\src\share\vm\prims\jni.cpp, line 1614]
Event: 9.799 Thread 0x0000000017e50000 Exception <a 'java/lang/NoSuchMethodError': <clinit>> (0x00000000e4538a18) thrown at [D:\src\AOSP-openjdk-cygwin\jdk8u\hotspot\src\share\vm\prims\jni.cpp, line 1614]
Event: 10.661 Thread 0x000000001cbad800 Exception <a 'java/lang/NoSuchMethodError': <clinit>> (0x00000000e7968ba0) thrown at [D:\src\AOSP-openjdk-cygwin\jdk8u\hotspot\src\share\vm\prims\jni.cpp, line 1614]
Event: 13.300 Thread 0x000000001cbad800 Exception <a 'java/lang/OutOfMemoryError'> (0x00000000e98a0e10) thrown at [D:\src\AOSP-openjdk-cygwin\jdk8u\hotspot\src\share\vm\prims\jni.cpp, line 736]

Events (10 events):
Event: 13.304 loading class com/sun/tools/javac/util/Log$WriterKind
Event: 13.304 loading class com/sun/tools/javac/util/Log$WriterKind done
Event: 13.305 loading class com/sun/tools/javac/util/Log$2
Event: 13.305 loading class com/sun/tools/javac/util/Log$2 done
Event: 13.305 loading class com/sun/tools/javac/util/JCDiagnostic$DiagnosticType
Event: 13.305 loading class com/sun/tools/javac/util/JCDiagnostic$DiagnosticType done
Event: 13.306 loading class java/lang/Throwable$WrappedPrintWriter
Event: 13.306 loading class java/lang/Throwable$PrintStreamOrWriter
Event: 13.306 loading class java/lang/Throwable$PrintStreamOrWriter done
Event: 13.307 loading class java/lang/Throwable$WrappedPrintWriter done


Dynamic libraries:
0x00007ff7b01c0000 - 0x00007ff7b01f1000 	C:\Program Files\Android\Android Studio\jre\bin\java.exe
0x00007ffa45dc0000 - 0x00007ffa45fb0000 	C:\WINDOWS\SYSTEM32\ntdll.dll
0x00007ffa21ec0000 - 0x00007ffa21ed4000 	C:\Program Files\AVAST Software\Avast\aswhook.dll
0x00007ffa45c60000 - 0x00007ffa45d12000 	C:\WINDOWS\System32\KERNEL32.DLL
0x00007ffa43180000 - 0x00007ffa43423000 	C:\WINDOWS\System32\KERNELBASE.dll
0x00007ffa45a50000 - 0x00007ffa45af3000 	C:\WINDOWS\System32\ADVAPI32.dll
0x00007ffa45b00000 - 0x00007ffa45b9e000 	C:\WINDOWS\System32\msvcrt.dll
0x00007ffa44480000 - 0x00007ffa44517000 	C:\WINDOWS\System32\sechost.dll
0x00007ffa44520000 - 0x00007ffa44640000 	C:\WINDOWS\System32\RPCRT4.dll
0x00007ffa43f20000 - 0x00007ffa440b4000 	C:\WINDOWS\System32\USER32.dll
0x00007ffa42dd0000 - 0x00007ffa42df1000 	C:\WINDOWS\System32\win32u.dll
0x00007ffa45c30000 - 0x00007ffa45c56000 	C:\WINDOWS\System32\GDI32.dll
0x00007ffa43cb0000 - 0x00007ffa43e44000 	C:\WINDOWS\System32\gdi32full.dll
0x00007ffa42e00000 - 0x00007ffa42e9e000 	C:\WINDOWS\System32\msvcp_win.dll
0x00007ffa43430000 - 0x00007ffa4352a000 	C:\WINDOWS\System32\ucrtbase.dll
0x00007ffa2d480000 - 0x00007ffa2d705000 	C:\WINDOWS\WinSxS\amd64_microsoft.windows.common-controls_6595b64144ccf1df_6.0.18362.476_none_e6c4b11b130f2595\COMCTL32.dll
0x00007ffa440c0000 - 0x00007ffa443f6000 	C:\WINDOWS\System32\combase.dll
0x00007ffa42ea0000 - 0x00007ffa42f20000 	C:\WINDOWS\System32\bcryptPrimitives.dll
0x00007ffa45870000 - 0x00007ffa4589e000 	C:\WINDOWS\System32\IMM32.DLL
0x00000000702e0000 - 0x00000000703b2000 	C:\Program Files\Android\Android Studio\jre\jre\bin\msvcr100.dll
0x00000000704a0000 - 0x0000000070ce6000 	C:\Program Files\Android\Android Studio\jre\jre\bin\server\jvm.dll
0x00007ffa44f50000 - 0x00007ffa44f58000 	C:\WINDOWS\System32\PSAPI.DLL
0x00007ffa39b50000 - 0x00007ffa39b59000 	C:\WINDOWS\SYSTEM32\WSOCK32.dll
0x00007ffa456d0000 - 0x00007ffa4573f000 	C:\WINDOWS\System32\WS2_32.dll
0x00007ffa3f520000 - 0x00007ffa3f544000 	C:\WINDOWS\SYSTEM32\WINMM.dll
0x00007ffa3e8b0000 - 0x00007ffa3e8ba000 	C:\WINDOWS\SYSTEM32\VERSION.dll
0x00007ffa3f4f0000 - 0x00007ffa3f51d000 	C:\WINDOWS\SYSTEM32\WINMMBASE.dll
0x00007ffa42d50000 - 0x00007ffa42d9a000 	C:\WINDOWS\System32\cfgmgr32.dll
0x00007ffa315e0000 - 0x00007ffa315ef000 	C:\Program Files\Android\Android Studio\jre\jre\bin\verify.dll
0x00007ffa31340000 - 0x00007ffa31369000 	C:\Program Files\Android\Android Studio\jre\jre\bin\java.dll
0x00007ffa315c0000 - 0x00007ffa315d6000 	C:\Program Files\Android\Android Studio\jre\jre\bin\zip.dll
0x00007ffa44710000 - 0x00007ffa44df5000 	C:\WINDOWS\System32\SHELL32.dll
0x00007ffa453f0000 - 0x00007ffa45499000 	C:\WINDOWS\System32\shcore.dll
0x00007ffa43530000 - 0x00007ffa43cae000 	C:\WINDOWS\System32\windows.storage.dll
0x00007ffa42d30000 - 0x00007ffa42d4f000 	C:\WINDOWS\System32\profapi.dll
0x00007ffa42cc0000 - 0x00007ffa42d0a000 	C:\WINDOWS\System32\powrprof.dll
0x00007ffa42c90000 - 0x00007ffa42ca0000 	C:\WINDOWS\System32\UMPDC.dll
0x00007ffa446b0000 - 0x00007ffa44702000 	C:\WINDOWS\System32\shlwapi.dll
0x00007ffa42d10000 - 0x00007ffa42d21000 	C:\WINDOWS\System32\kernel.appcore.dll
0x00007ffa43e50000 - 0x00007ffa43e67000 	C:\WINDOWS\System32\cryptsp.dll
0x00007ffa310a0000 - 0x00007ffa310ba000 	C:\Program Files\Android\Android Studio\jre\jre\bin\net.dll
0x00007ffa424a0000 - 0x00007ffa42507000 	C:\WINDOWS\system32\mswsock.dll
0x00007ffa305b0000 - 0x00007ffa305c1000 	C:\Program Files\Android\Android Studio\jre\jre\bin\nio.dll
0x00007ffa303b0000 - 0x00007ffa303d6000 	C:\Users\User\.gradle\native\29\windows-amd64\native-platform.dll
0x00007ffa2c6f0000 - 0x00007ffa2c6fd000 	C:\Program Files\Android\Android Studio\jre\jre\bin\management.dll
0x00007ffa42010000 - 0x00007ffa42043000 	C:\WINDOWS\system32\rsaenh.dll
0x00007ffa42da0000 - 0x00007ffa42dc6000 	C:\WINDOWS\System32\bcrypt.dll
0x00007ffa42b80000 - 0x00007ffa42ba5000 	C:\WINDOWS\SYSTEM32\USERENV.dll
0x00007ffa42670000 - 0x00007ffa4267c000 	C:\WINDOWS\SYSTEM32\CRYPTBASE.dll
0x00007ffa421b0000 - 0x00007ffa421ea000 	C:\WINDOWS\SYSTEM32\IPHLPAPI.DLL
0x00007ffa45ba0000 - 0x00007ffa45ba8000 	C:\WINDOWS\System32\NSI.dll
0x00007ffa3c7d0000 - 0x00007ffa3c7e6000 	C:\WINDOWS\SYSTEM32\dhcpcsvc6.DLL
0x00007ffa3c7b0000 - 0x00007ffa3c7cc000 	C:\WINDOWS\SYSTEM32\dhcpcsvc.DLL
0x00007ffa42200000 - 0x00007ffa422ca000 	C:\WINDOWS\SYSTEM32\DNSAPI.dll

VM Arguments:
jvm_args: -Xmx1536m -Dfile.encoding=windows-1252 -Duser.country=IN -Duser.language=en -Duser.variant 
java_command: org.gradle.launcher.daemon.bootstrap.GradleDaemon 5.4.1
java_class_path (initial): C:\Users\User\.gradle\wrapper\dists\gradle-5.4.1-all\3221gyojl5jsh0helicew7rwx\gradle-5.4.1\lib\gradle-launcher-5.4.1.jar
Launcher Type: SUN_STANDARD

Environment Variables:
PATH=C:\Program Files (x86)\Common Files\Oracle\Java\javapath;C:\Program Files\Microsoft MPI\Bin\;C:\WINDOWS\system32;C:\WINDOWS;C:\WINDOWS\System32\Wbem;C:\WINDOWS\System32\WindowsPowerShell\v1.0\;C:\Program Files\dotnet\;C:\WINDOWS\System32\OpenSSH\;C:\Program Files\Git\cmd;;D:\Microsoft VS Code\bin;C:\Users\User\AppData\Local\Microsoft\WindowsApps
USERNAME=User
OS=Windows_NT
PROCESSOR_IDENTIFIER=Intel64 Family 6 Model 94 Stepping 3, GenuineIntel



---------------  S Y S T E M  ---------------

OS: Windows 10.0 , 64 bit Build 18362 (10.0.18362.329)

CPU:total 4 (initial active 4) (4 cores per cpu, 1 threads per core) family 6 model 94 stepping 3, cmov, cx8, fxsr, mmx, sse, sse2, sse3, ssse3, sse4.1, sse4.2, popcnt, avx, avx2, aes, clmul, erms, rtm, 3dnowpref, lzcnt, tsc, tscinvbit, bmi1, bmi2, adx

Memory: 4k page, physical 8265828k(480528k free), swap 13385828k(4544k free)

vm_info: OpenJDK 64-Bit Server VM (25.202-b03) for windows-amd64 JRE (1.8.0_202-release-1483-b03), built by "builder" with MS VC++ 10.0 (VS2010)

time: Mon Dec 09 18:01:46 2019
timezone: India Standard Time
elapsed time: 13 seconds (0d 0h 0m 13s)

